2024-11-12 09:51:37,833 INFO o.h.v.i.u.Version [background-preinit] HV000001: Hibernate Validator 6.1.7.Final
2024-11-12 09:51:38,214 INFO o.s.b.SpringApplication [main] No active profile set, falling back to default profiles: default
2024-11-12 09:51:38,881 WARN o.s.b.a.e.EndpointId [main] Endpoint ID 'service-registry' contains invalid characters, please migrate to a valid format.
2024-11-12 09:51:38,997 INFO o.s.c.c.s.GenericScope [main] BeanFactory id=f86500bc-4c61-356f-9270-7d39f899b5b0
2024-11-12 09:51:39,085 INFO o.s.c.s.PostProcessorRegistrationDelegate$BeanPostProcessorChecker [main] Bean 'org.springframework.security.access.expression.method.DefaultMethodSecurityExpressionHandler@1b409a79' of type [org.springframework.security.access.expression.method.DefaultMethodSecurityExpressionHandler] is not eligible for getting processed by all BeanPostProcessors (for example: not eligible for auto-proxying)
2024-11-12 09:51:39,091 INFO o.s.c.s.PostProcessorRegistrationDelegate$BeanPostProcessorChecker [main] Bean 'methodSecurityMetadataSource' of type [org.springframework.security.access.method.DelegatingMethodSecurityMetadataSource] is not eligible for getting processed by all BeanPostProcessors (for example: not eligible for auto-proxying)
2024-11-12 09:51:39,292 INFO o.s.b.w.e.t.TomcatWebServer [main] Tomcat initialized with port(s): 8011 (http)
2024-11-12 09:51:39,299 INFO o.a.j.l.DirectJDKLog [main] Initializing ProtocolHandler ["http-nio-8011"]
2024-11-12 09:51:39,300 INFO o.a.j.l.DirectJDKLog [main] Starting service [Tomcat]
2024-11-12 09:51:39,300 INFO o.a.j.l.DirectJDKLog [main] Starting Servlet engine: [Apache Tomcat/9.0.46]
2024-11-12 09:51:39,421 INFO o.a.j.l.DirectJDKLog [main] Initializing Spring embedded WebApplicationContext
2024-11-12 09:51:39,422 INFO o.s.b.w.s.c.ServletWebServerApplicationContext [main] Root WebApplicationContext: initialization completed in 1189 ms
2024-11-12 09:51:39,563 WARN c.n.c.s.URLConfigurationSource [main] No URLs will be polled as dynamic configuration sources.
2024-11-12 09:51:39,564 INFO c.n.c.s.URLConfigurationSource [main] To enable URLs as dynamic configuration sources, define System property archaius.configurationSource.additionalUrls or make config.properties available on classpath.
2024-11-12 09:51:39,573 INFO c.n.c.DynamicPropertyFactory [main] DynamicPropertyFactory is initialized with configuration sources: com.netflix.config.ConcurrentCompositeConfiguration@9bf63d2
2024-11-12 09:51:40,090 INFO o.s.b.a.s.s.UserDetailsServiceAutoConfiguration [main] 

Using generated security password: 63e0cebe-70b6-4b9c-8a91-e0c9f6d6854d

2024-11-12 09:51:40,166 INFO o.s.s.w.DefaultSecurityFilterChain [main] Creating filter chain: any request, [org.springframework.security.web.context.request.async.WebAsyncManagerIntegrationFilter@999cd18, org.springframework.security.web.context.SecurityContextPersistenceFilter@ef85567, org.springframework.security.web.header.HeaderWriterFilter@1786150f, org.springframework.security.web.csrf.CsrfFilter@6d6712b7, org.springframework.security.web.authentication.logout.LogoutFilter@4895e8f6, org.springframework.security.web.savedrequest.RequestCacheAwareFilter@2e4339c1, org.springframework.security.web.servletapi.SecurityContextHolderAwareRequestFilter@5ebf776c, org.springframework.security.web.authentication.AnonymousAuthenticationFilter@dd060be, org.springframework.security.web.session.SessionManagementFilter@5383bf08, org.springframework.security.web.access.ExceptionTranslationFilter@53432aef, org.springframework.security.web.access.intercept.FilterSecurityInterceptor@71469e01]
2024-11-12 09:51:40,190 WARN c.n.c.s.URLConfigurationSource [main] No URLs will be polled as dynamic configuration sources.
2024-11-12 09:51:40,190 INFO c.n.c.s.URLConfigurationSource [main] To enable URLs as dynamic configuration sources, define System property archaius.configurationSource.additionalUrls or make config.properties available on classpath.
2024-11-12 09:51:40,367 INFO o.s.s.c.ExecutorConfigurationSupport [main] Initializing ExecutorService 'applicationTaskExecutor'
2024-11-12 09:51:41,009 INFO o.s.c.n.e.c.DiscoveryClientOptionalArgsConfiguration [main] Eureka HTTP Client uses Jersey
2024-11-12 09:51:41,055 WARN o.s.c.l.c.BlockingLoadBalancerClientAutoConfiguration$BlockingLoadBalancerClientRibbonWarnLogger [main] You already have RibbonLoadBalancerClient on your classpath. It will be used by default. As Spring Cloud Ribbon is in maintenance mode. We recommend switching to BlockingLoadBalancerClient instead. In order to use it, set the value of `spring.cloud.loadbalancer.ribbon.enabled` to `false` or remove spring-cloud-starter-netflix-ribbon from your project.
2024-11-12 09:51:41,096 INFO o.s.b.a.e.w.EndpointLinksResolver [main] Exposing 2 endpoint(s) beneath base path '/actuator'
2024-11-12 09:51:41,153 INFO o.s.c.n.e.InstanceInfoFactory [main] Setting initial instance status as: STARTING
2024-11-12 09:51:41,179 INFO c.n.d.DiscoveryClient [main] Initializing Eureka in region us-east-1
2024-11-12 09:51:41,324 INFO c.n.d.p.DiscoveryJerseyProvider [main] Using JSON encoding codec LegacyJacksonJson
2024-11-12 09:51:41,324 INFO c.n.d.p.DiscoveryJerseyProvider [main] Using JSON decoding codec LegacyJacksonJson
2024-11-12 09:51:41,441 INFO c.n.d.p.DiscoveryJerseyProvider [main] Using XML encoding codec XStreamXml
2024-11-12 09:51:41,443 INFO c.n.d.p.DiscoveryJerseyProvider [main] Using XML decoding codec XStreamXml
2024-11-12 09:51:41,542 INFO c.n.d.s.r.a.ConfigClusterResolver [main] Resolving eureka endpoints via configuration
2024-11-12 09:51:41,557 INFO c.n.d.DiscoveryClient [main] Disable delta property : false
2024-11-12 09:51:41,557 INFO c.n.d.DiscoveryClient [main] Single vip registry refresh property : null
2024-11-12 09:51:41,557 INFO c.n.d.DiscoveryClient [main] Force full registry fetch : false
2024-11-12 09:51:41,557 INFO c.n.d.DiscoveryClient [main] Application is null : false
2024-11-12 09:51:41,558 INFO c.n.d.DiscoveryClient [main] Registered Applications size is zero : true
2024-11-12 09:51:41,558 INFO c.n.d.DiscoveryClient [main] Application version is -1: true
2024-11-12 09:51:41,558 INFO c.n.d.DiscoveryClient [main] Getting all instance registry info from the eureka server
2024-11-12 09:51:41,704 INFO c.n.d.DiscoveryClient [main] The response status is 200
2024-11-12 09:51:41,706 INFO c.n.d.DiscoveryClient [main] Starting heartbeat executor: renew interval is: 5
2024-11-12 09:51:41,708 INFO c.n.d.InstanceInfoReplicator [main] InstanceInfoReplicator onDemand update allowed rate per min is 4
2024-11-12 09:51:41,710 INFO c.n.d.DiscoveryClient [main] Discovery Client initialized at timestamp 1731385301709 with initial instances count: 0
2024-11-12 09:51:41,715 INFO o.s.c.n.e.s.EurekaServiceRegistry [main] Registering application EMPLOYEE-SERVICE with eureka with status UP
2024-11-12 09:51:41,716 INFO c.n.d.DiscoveryClient$3 [main] Saw local status change event StatusChangeEvent [timestamp=1731385301716, current=UP, previous=STARTING]
2024-11-12 09:51:41,716 INFO c.n.d.DiscoveryClient [DiscoveryClient-InstanceInfoReplicator-0] DiscoveryClient_EMPLOYEE-SERVICE/IN-340D5S3:employee-service:8011: registering service...
2024-11-12 09:51:41,717 WARN c.n.d.InstanceInfoReplicator [main] Ignoring onDemand update due to rate limiter
2024-11-12 09:51:41,718 INFO o.a.j.l.DirectJDKLog [main] Starting ProtocolHandler ["http-nio-8011"]
2024-11-12 09:51:41,740 INFO o.s.b.w.e.t.TomcatWebServer [main] Tomcat started on port(s): 8011 (http) with context path ''
2024-11-12 09:51:41,741 INFO o.s.c.n.e.s.EurekaAutoServiceRegistration [main] Updating port to 8011
2024-11-12 09:51:41,758 INFO o.s.b.StartupInfoLogger [main] Started EmployeeServiceApplication in 4.24 seconds (JVM running for 4.992)
2024-11-12 09:51:41,793 INFO c.n.d.DiscoveryClient [DiscoveryClient-InstanceInfoReplicator-0] DiscoveryClient_EMPLOYEE-SERVICE/IN-340D5S3:employee-service:8011 - registration status: 204
2024-11-12 09:51:42,153 INFO o.a.j.l.DirectJDKLog [RMI TCP Connection(4)-127.0.0.1] Initializing Spring DispatcherServlet 'dispatcherServlet'
2024-11-12 09:51:42,153 INFO o.s.w.s.FrameworkServlet [RMI TCP Connection(4)-127.0.0.1] Initializing Servlet 'dispatcherServlet'
2024-11-12 09:51:42,161 INFO o.s.w.s.FrameworkServlet [RMI TCP Connection(4)-127.0.0.1] Completed initialization in 8 ms
2024-11-12 09:52:11,710 INFO c.n.d.DiscoveryClient [DiscoveryClient-CacheRefreshExecutor-0] Disable delta property : false
2024-11-12 09:52:11,710 INFO c.n.d.DiscoveryClient [DiscoveryClient-CacheRefreshExecutor-0] Single vip registry refresh property : null
2024-11-12 09:52:11,710 INFO c.n.d.DiscoveryClient [DiscoveryClient-CacheRefreshExecutor-0] Force full registry fetch : false
2024-11-12 09:52:11,710 INFO c.n.d.DiscoveryClient [DiscoveryClient-CacheRefreshExecutor-0] Application is null : false
2024-11-12 09:52:11,710 INFO c.n.d.DiscoveryClient [DiscoveryClient-CacheRefreshExecutor-0] Registered Applications size is zero : true
2024-11-12 09:52:11,710 INFO c.n.d.DiscoveryClient [DiscoveryClient-CacheRefreshExecutor-0] Application version is -1: false
2024-11-12 09:52:11,710 INFO c.n.d.DiscoveryClient [DiscoveryClient-CacheRefreshExecutor-0] Getting all instance registry info from the eureka server
2024-11-12 09:52:11,775 INFO c.n.d.DiscoveryClient [DiscoveryClient-CacheRefreshExecutor-0] The response status is 200
2024-11-12 09:56:41,574 INFO c.n.d.s.r.a.ConfigClusterResolver [AsyncResolver-bootstrap-executor-0] Resolving eureka endpoints via configuration
2024-11-12 10:01:41,576 INFO c.n.d.s.r.a.ConfigClusterResolver [AsyncResolver-bootstrap-executor-0] Resolving eureka endpoints via configuration
2024-11-12 10:01:54,544 WARN o.s.w.s.h.AbstractHandlerExceptionResolver [http-nio-8011-exec-4] Resolved [org.springframework.web.method.annotation.MethodArgumentTypeMismatchException: Failed to convert value of type 'java.lang.String' to required type 'int'; nested exception is java.lang.NumberFormatException: For input string: "{employeeId}"]
2024-11-12 10:01:59,569 INFO c.n.d.DiscoveryClient [DiscoveryClient-HeartbeatExecutor-0] DiscoveryClient_EMPLOYEE-SERVICE/IN-340D5S3:employee-service:8011 - Re-registering apps/EMPLOYEE-SERVICE
2024-11-12 10:01:59,569 INFO c.n.d.DiscoveryClient [DiscoveryClient-HeartbeatExecutor-0] DiscoveryClient_EMPLOYEE-SERVICE/IN-340D5S3:employee-service:8011: registering service...
2024-11-12 10:01:59,589 INFO c.n.d.DiscoveryClient [DiscoveryClient-HeartbeatExecutor-0] DiscoveryClient_EMPLOYEE-SERVICE/IN-340D5S3:employee-service:8011 - registration status: 204
2024-11-12 10:02:02,331 INFO c.h.e.e.c.EmployeeServiceController [http-nio-8011-exec-6] *****received request******  111
2024-11-12 10:02:02,332 INFO c.h.e.e.c.EmployeeServiceController [http-nio-8011-exec-6] *****returning employee******  Employee [name=Employee1, id=111]
2024-11-12 10:02:02,333 INFO c.h.e.e.c.EmployeeServiceController [http-nio-8011-exec-6] ****---------logger-info-findEmployeeDetails-----Here-------*****
2024-11-12 10:02:02,333 DEBUG c.h.e.e.c.EmployeeServiceController [http-nio-8011-exec-6] ****---------logger-debug-findEmployeeDetails-----Here-------*****
2024-11-12 10:02:02,333 ERROR c.h.e.e.c.EmployeeServiceController [http-nio-8011-exec-6] ****---------logger-error-findEmployeeDetails-----Here-------*****
2024-11-12 10:02:02,333 WARN c.h.e.e.c.EmployeeServiceController [http-nio-8011-exec-6] ****---------logger-warn-findEmployeeDetails-----Here-------*****
2024-11-12 10:02:59,872 INFO c.n.d.DiscoveryClient [DiscoveryClient-HeartbeatExecutor-0] DiscoveryClient_EMPLOYEE-SERVICE/IN-340D5S3:employee-service:8011 - Re-registering apps/EMPLOYEE-SERVICE
2024-11-12 10:02:59,872 INFO c.n.d.DiscoveryClient [DiscoveryClient-HeartbeatExecutor-0] DiscoveryClient_EMPLOYEE-SERVICE/IN-340D5S3:employee-service:8011: registering service...
2024-11-12 10:02:59,889 INFO c.n.d.DiscoveryClient [DiscoveryClient-HeartbeatExecutor-0] DiscoveryClient_EMPLOYEE-SERVICE/IN-340D5S3:employee-service:8011 - registration status: 204
2024-11-12 10:03:48,921 INFO c.h.e.e.c.EmployeeServiceController [http-nio-8011-exec-9] *****received request******  111
2024-11-12 10:03:48,922 INFO c.h.e.e.c.EmployeeServiceController [http-nio-8011-exec-9] *****returning employee******  Employee [name=Employee1, id=111]
2024-11-12 10:03:48,922 INFO c.h.e.e.c.EmployeeServiceController [http-nio-8011-exec-9] ****---------logger-info-findEmployeeDetails-----Here-------*****
2024-11-12 10:03:48,922 DEBUG c.h.e.e.c.EmployeeServiceController [http-nio-8011-exec-9] ****---------logger-debug-findEmployeeDetails-----Here-------*****
2024-11-12 10:03:48,922 ERROR c.h.e.e.c.EmployeeServiceController [http-nio-8011-exec-9] ****---------logger-error-findEmployeeDetails-----Here-------*****
2024-11-12 10:03:48,922 WARN c.h.e.e.c.EmployeeServiceController [http-nio-8011-exec-9] ****---------logger-warn-findEmployeeDetails-----Here-------*****
2024-11-12 10:06:41,579 INFO c.n.d.s.r.a.ConfigClusterResolver [AsyncResolver-bootstrap-executor-0] Resolving eureka endpoints via configuration
2024-11-12 10:07:33,536 INFO c.h.e.e.c.EmployeeServiceController [http-nio-8011-exec-7] *****received request******  1
2024-11-12 10:07:33,536 INFO c.h.e.e.c.EmployeeServiceController [http-nio-8011-exec-7] *****returning employee******  Employee [name=N/A, id=0]
2024-11-12 10:07:33,537 INFO c.h.e.e.c.EmployeeServiceController [http-nio-8011-exec-7] ****---------logger-info-findEmployeeDetails-----Here-------*****
2024-11-12 10:07:33,537 DEBUG c.h.e.e.c.EmployeeServiceController [http-nio-8011-exec-7] ****---------logger-debug-findEmployeeDetails-----Here-------*****
2024-11-12 10:07:33,537 ERROR c.h.e.e.c.EmployeeServiceController [http-nio-8011-exec-7] ****---------logger-error-findEmployeeDetails-----Here-------*****
2024-11-12 10:07:33,537 WARN c.h.e.e.c.EmployeeServiceController [http-nio-8011-exec-7] ****---------logger-warn-findEmployeeDetails-----Here-------*****
2024-11-12 10:09:15,273 ERROR o.a.j.l.DirectJDKLog [http-nio-8011-exec-4] Servlet.service() for servlet [dispatcherServlet] in context with path [] threw exception
org.springframework.security.web.firewall.RequestRejectedException: The request was rejected because the URL contained a potentially malicious String "//"
	at org.springframework.security.web.firewall.StrictHttpFirewall.rejectedBlacklistedUrls(StrictHttpFirewall.java:369) ~[spring-security-web-5.3.9.RELEASE.jar:5.3.9.RELEASE]
	at org.springframework.security.web.firewall.StrictHttpFirewall.getFirewalledRequest(StrictHttpFirewall.java:336) ~[spring-security-web-5.3.9.RELEASE.jar:5.3.9.RELEASE]
	at org.springframework.security.web.FilterChainProxy.doFilterInternal(FilterChainProxy.java:194) ~[spring-security-web-5.3.9.RELEASE.jar:5.3.9.RELEASE]
	at org.springframework.security.web.FilterChainProxy.doFilter(FilterChainProxy.java:178) ~[spring-security-web-5.3.9.RELEASE.jar:5.3.9.RELEASE]
	at org.springframework.web.filter.DelegatingFilterProxy.invokeDelegate(DelegatingFilterProxy.java:358) ~[spring-web-5.2.15.RELEASE.jar:5.2.15.RELEASE]
	at org.springframework.web.filter.DelegatingFilterProxy.doFilter(DelegatingFilterProxy.java:271) ~[spring-web-5.2.15.RELEASE.jar:5.2.15.RELEASE]
	at org.apache.catalina.core.ApplicationFilterChain.internalDoFilter(ApplicationFilterChain.java:189) ~[tomcat-embed-core-9.0.46.jar:9.0.46]
	at org.apache.catalina.core.ApplicationFilterChain.doFilter(ApplicationFilterChain.java:162) ~[tomcat-embed-core-9.0.46.jar:9.0.46]
	at org.springframework.web.filter.RequestContextFilter.doFilterInternal(RequestContextFilter.java:100) ~[spring-web-5.2.15.RELEASE.jar:5.2.15.RELEASE]
	at org.springframework.web.filter.OncePerRequestFilter.doFilter(OncePerRequestFilter.java:119) ~[spring-web-5.2.15.RELEASE.jar:5.2.15.RELEASE]
	at org.apache.catalina.core.ApplicationFilterChain.internalDoFilter(ApplicationFilterChain.java:189) ~[tomcat-embed-core-9.0.46.jar:9.0.46]
	at org.apache.catalina.core.ApplicationFilterChain.doFilter(ApplicationFilterChain.java:162) ~[tomcat-embed-core-9.0.46.jar:9.0.46]
	at org.springframework.web.filter.FormContentFilter.doFilterInternal(FormContentFilter.java:93) ~[spring-web-5.2.15.RELEASE.jar:5.2.15.RELEASE]
	at org.springframework.web.filter.OncePerRequestFilter.doFilter(OncePerRequestFilter.java:119) ~[spring-web-5.2.15.RELEASE.jar:5.2.15.RELEASE]
	at org.apache.catalina.core.ApplicationFilterChain.internalDoFilter(ApplicationFilterChain.java:189) ~[tomcat-embed-core-9.0.46.jar:9.0.46]
	at org.apache.catalina.core.ApplicationFilterChain.doFilter(ApplicationFilterChain.java:162) ~[tomcat-embed-core-9.0.46.jar:9.0.46]
	at org.springframework.boot.actuate.metrics.web.servlet.WebMvcMetricsFilter.doFilterInternal(WebMvcMetricsFilter.java:97) ~[spring-boot-actuator-2.3.12.RELEASE.jar:2.3.12.RELEASE]
	at org.springframework.web.filter.OncePerRequestFilter.doFilter(OncePerRequestFilter.java:119) ~[spring-web-5.2.15.RELEASE.jar:5.2.15.RELEASE]
	at org.apache.catalina.core.ApplicationFilterChain.internalDoFilter(ApplicationFilterChain.java:189) ~[tomcat-embed-core-9.0.46.jar:9.0.46]
	at org.apache.catalina.core.ApplicationFilterChain.doFilter(ApplicationFilterChain.java:162) ~[tomcat-embed-core-9.0.46.jar:9.0.46]
	at org.springframework.web.filter.CharacterEncodingFilter.doFilterInternal(CharacterEncodingFilter.java:201) ~[spring-web-5.2.15.RELEASE.jar:5.2.15.RELEASE]
	at org.springframework.web.filter.OncePerRequestFilter.doFilter(OncePerRequestFilter.java:119) ~[spring-web-5.2.15.RELEASE.jar:5.2.15.RELEASE]
	at org.apache.catalina.core.ApplicationFilterChain.internalDoFilter(ApplicationFilterChain.java:189) ~[tomcat-embed-core-9.0.46.jar:9.0.46]
	at org.apache.catalina.core.ApplicationFilterChain.doFilter(ApplicationFilterChain.java:162) ~[tomcat-embed-core-9.0.46.jar:9.0.46]
	at org.apache.catalina.core.StandardWrapperValve.invoke(StandardWrapperValve.java:202) ~[tomcat-embed-core-9.0.46.jar:9.0.46]
	at org.apache.catalina.core.StandardContextValve.invoke(StandardContextValve.java:97) ~[tomcat-embed-core-9.0.46.jar:9.0.46]
	at org.apache.catalina.authenticator.AuthenticatorBase.invoke(AuthenticatorBase.java:542) ~[tomcat-embed-core-9.0.46.jar:9.0.46]
	at org.apache.catalina.core.StandardHostValve.invoke(StandardHostValve.java:143) ~[tomcat-embed-core-9.0.46.jar:9.0.46]
	at org.apache.catalina.valves.ErrorReportValve.invoke(ErrorReportValve.java:92) ~[tomcat-embed-core-9.0.46.jar:9.0.46]
	at org.apache.catalina.core.StandardEngineValve.invoke(StandardEngineValve.java:78) ~[tomcat-embed-core-9.0.46.jar:9.0.46]
	at org.apache.catalina.connector.CoyoteAdapter.service(CoyoteAdapter.java:357) ~[tomcat-embed-core-9.0.46.jar:9.0.46]
	at org.apache.coyote.http11.Http11Processor.service(Http11Processor.java:374) ~[tomcat-embed-core-9.0.46.jar:9.0.46]
	at org.apache.coyote.AbstractProcessorLight.process(AbstractProcessorLight.java:65) ~[tomcat-embed-core-9.0.46.jar:9.0.46]
	at org.apache.coyote.AbstractProtocol$ConnectionHandler.process(AbstractProtocol.java:893) ~[tomcat-embed-core-9.0.46.jar:9.0.46]
	at org.apache.tomcat.util.net.NioEndpoint$SocketProcessor.doRun(NioEndpoint.java:1707) ~[tomcat-embed-core-9.0.46.jar:9.0.46]
	at org.apache.tomcat.util.net.SocketProcessorBase.run(SocketProcessorBase.java:49) ~[tomcat-embed-core-9.0.46.jar:9.0.46]
	at java.util.concurrent.ThreadPoolExecutor.runWorker(ThreadPoolExecutor.java:1144) ~[?:?]
	at java.util.concurrent.ThreadPoolExecutor$Worker.run(ThreadPoolExecutor.java:642) ~[?:?]
	at org.apache.tomcat.util.threads.TaskThread$WrappingRunnable.run(TaskThread.java:61) ~[tomcat-embed-core-9.0.46.jar:9.0.46]
	at java.lang.Thread.run(Thread.java:1583) [?:?]
2024-11-12 10:09:21,980 INFO c.h.e.e.c.EmployeeServiceController [http-nio-8011-exec-3] *****received request******  111
2024-11-12 10:09:21,980 INFO c.h.e.e.c.EmployeeServiceController [http-nio-8011-exec-3] *****returning employee******  Employee [name=Employee1, id=111]
2024-11-12 10:09:21,980 INFO c.h.e.e.c.EmployeeServiceController [http-nio-8011-exec-3] ****---------logger-info-findEmployeeDetails-----Here-------*****
2024-11-12 10:09:21,980 DEBUG c.h.e.e.c.EmployeeServiceController [http-nio-8011-exec-3] ****---------logger-debug-findEmployeeDetails-----Here-------*****
2024-11-12 10:09:21,981 ERROR c.h.e.e.c.EmployeeServiceController [http-nio-8011-exec-3] ****---------logger-error-findEmployeeDetails-----Here-------*****
2024-11-12 10:09:21,981 WARN c.h.e.e.c.EmployeeServiceController [http-nio-8011-exec-3] ****---------logger-warn-findEmployeeDetails-----Here-------*****
2024-11-12 10:11:41,590 INFO c.n.d.s.r.a.ConfigClusterResolver [AsyncResolver-bootstrap-executor-0] Resolving eureka endpoints via configuration
2024-11-12 10:15:48,795 INFO c.h.e.e.c.EmployeeServiceController [http-nio-8011-exec-10] *****received request******  111
2024-11-12 10:15:48,795 INFO c.h.e.e.c.EmployeeServiceController [http-nio-8011-exec-10] *****returning employee******  Employee [name=Employee1, id=111]
2024-11-12 10:15:48,795 INFO c.h.e.e.c.EmployeeServiceController [http-nio-8011-exec-10] ****---------logger-info-findEmployeeDetails-----Here-------*****
2024-11-12 10:15:48,795 DEBUG c.h.e.e.c.EmployeeServiceController [http-nio-8011-exec-10] ****---------logger-debug-findEmployeeDetails-----Here-------*****
2024-11-12 10:15:48,795 ERROR c.h.e.e.c.EmployeeServiceController [http-nio-8011-exec-10] ****---------logger-error-findEmployeeDetails-----Here-------*****
2024-11-12 10:15:48,796 WARN c.h.e.e.c.EmployeeServiceController [http-nio-8011-exec-10] ****---------logger-warn-findEmployeeDetails-----Here-------*****
2024-11-12 10:16:41,592 INFO c.n.d.s.r.a.ConfigClusterResolver [AsyncResolver-bootstrap-executor-0] Resolving eureka endpoints via configuration
2024-11-12 10:18:15,463 INFO c.h.e.e.c.EmployeeServiceController [http-nio-8011-exec-3] *****received request******  111
2024-11-12 10:18:15,463 INFO c.h.e.e.c.EmployeeServiceController [http-nio-8011-exec-3] *****returning employee******  Employee [name=Employee1, id=111]
2024-11-12 10:18:15,463 INFO c.h.e.e.c.EmployeeServiceController [http-nio-8011-exec-3] ****---------logger-info-findEmployeeDetails-----Here-------*****
2024-11-12 10:18:15,463 DEBUG c.h.e.e.c.EmployeeServiceController [http-nio-8011-exec-3] ****---------logger-debug-findEmployeeDetails-----Here-------*****
2024-11-12 10:18:15,463 ERROR c.h.e.e.c.EmployeeServiceController [http-nio-8011-exec-3] ****---------logger-error-findEmployeeDetails-----Here-------*****
2024-11-12 10:18:15,463 WARN c.h.e.e.c.EmployeeServiceController [http-nio-8011-exec-3] ****---------logger-warn-findEmployeeDetails-----Here-------*****
2024-11-12 10:20:59,893 INFO c.n.d.DiscoveryClient [DiscoveryClient-HeartbeatExecutor-0] DiscoveryClient_EMPLOYEE-SERVICE/IN-340D5S3:employee-service:8011 - Re-registering apps/EMPLOYEE-SERVICE
2024-11-12 10:20:59,893 INFO c.n.d.DiscoveryClient [DiscoveryClient-HeartbeatExecutor-0] DiscoveryClient_EMPLOYEE-SERVICE/IN-340D5S3:employee-service:8011: registering service...
2024-11-12 10:20:59,908 INFO c.n.d.DiscoveryClient [DiscoveryClient-HeartbeatExecutor-0] DiscoveryClient_EMPLOYEE-SERVICE/IN-340D5S3:employee-service:8011 - registration status: 204
2024-11-12 10:21:41,606 INFO c.n.d.s.r.a.ConfigClusterResolver [AsyncResolver-bootstrap-executor-0] Resolving eureka endpoints via configuration
2024-11-12 10:24:17,081 INFO c.h.e.e.c.EmployeeServiceController [http-nio-8011-exec-10] *****received request******  111
2024-11-12 10:24:17,081 INFO c.h.e.e.c.EmployeeServiceController [http-nio-8011-exec-10] *****returning employee******  Employee [name=Employee1, id=111]
2024-11-12 10:24:17,082 INFO c.h.e.e.c.EmployeeServiceController [http-nio-8011-exec-10] ****---------logger-info-findEmployeeDetails-----Here-------*****
2024-11-12 10:24:17,082 DEBUG c.h.e.e.c.EmployeeServiceController [http-nio-8011-exec-10] ****---------logger-debug-findEmployeeDetails-----Here-------*****
2024-11-12 10:24:17,082 ERROR c.h.e.e.c.EmployeeServiceController [http-nio-8011-exec-10] ****---------logger-error-findEmployeeDetails-----Here-------*****
2024-11-12 10:24:17,082 WARN c.h.e.e.c.EmployeeServiceController [http-nio-8011-exec-10] ****---------logger-warn-findEmployeeDetails-----Here-------*****
2024-11-12 10:26:41,609 INFO c.n.d.s.r.a.ConfigClusterResolver [AsyncResolver-bootstrap-executor-0] Resolving eureka endpoints via configuration
2024-11-12 10:27:00,921 INFO c.h.e.e.c.EmployeeServiceController [http-nio-8011-exec-4] *****received request******  1
2024-11-12 10:27:00,922 INFO c.h.e.e.c.EmployeeServiceController [http-nio-8011-exec-4] *****returning employee******  Employee [name=N/A, id=0]
2024-11-12 10:27:00,922 INFO c.h.e.e.c.EmployeeServiceController [http-nio-8011-exec-4] ****---------logger-info-findEmployeeDetails-----Here-------*****
2024-11-12 10:27:00,923 DEBUG c.h.e.e.c.EmployeeServiceController [http-nio-8011-exec-4] ****---------logger-debug-findEmployeeDetails-----Here-------*****
2024-11-12 10:27:00,923 ERROR c.h.e.e.c.EmployeeServiceController [http-nio-8011-exec-4] ****---------logger-error-findEmployeeDetails-----Here-------*****
2024-11-12 10:27:00,923 WARN c.h.e.e.c.EmployeeServiceController [http-nio-8011-exec-4] ****---------logger-warn-findEmployeeDetails-----Here-------*****
2024-11-12 10:27:44,415 INFO c.h.e.e.c.EmployeeServiceController [http-nio-8011-exec-3] *****received request******  0
2024-11-12 10:27:44,415 INFO c.h.e.e.c.EmployeeServiceController [http-nio-8011-exec-3] *****returning employee******  Employee [name=N/A, id=0]
2024-11-12 10:27:44,416 INFO c.h.e.e.c.EmployeeServiceController [http-nio-8011-exec-3] ****---------logger-info-findEmployeeDetails-----Here-------*****
2024-11-12 10:27:44,416 DEBUG c.h.e.e.c.EmployeeServiceController [http-nio-8011-exec-3] ****---------logger-debug-findEmployeeDetails-----Here-------*****
2024-11-12 10:27:44,416 ERROR c.h.e.e.c.EmployeeServiceController [http-nio-8011-exec-3] ****---------logger-error-findEmployeeDetails-----Here-------*****
2024-11-12 10:27:44,416 WARN c.h.e.e.c.EmployeeServiceController [http-nio-8011-exec-3] ****---------logger-warn-findEmployeeDetails-----Here-------*****
2024-11-12 10:31:41,625 INFO c.n.d.s.r.a.ConfigClusterResolver [AsyncResolver-bootstrap-executor-0] Resolving eureka endpoints via configuration
2024-11-12 10:36:41,633 INFO c.n.d.s.r.a.ConfigClusterResolver [AsyncResolver-bootstrap-executor-0] Resolving eureka endpoints via configuration
2024-11-12 10:38:59,872 INFO c.n.d.DiscoveryClient [DiscoveryClient-HeartbeatExecutor-0] DiscoveryClient_EMPLOYEE-SERVICE/IN-340D5S3:employee-service:8011 - Re-registering apps/EMPLOYEE-SERVICE
2024-11-12 10:38:59,873 INFO c.n.d.DiscoveryClient [DiscoveryClient-HeartbeatExecutor-0] DiscoveryClient_EMPLOYEE-SERVICE/IN-340D5S3:employee-service:8011: registering service...
2024-11-12 10:38:59,889 INFO c.n.d.DiscoveryClient [DiscoveryClient-HeartbeatExecutor-0] DiscoveryClient_EMPLOYEE-SERVICE/IN-340D5S3:employee-service:8011 - registration status: 204
2024-11-12 10:40:00,128 INFO c.n.d.DiscoveryClient [DiscoveryClient-HeartbeatExecutor-0] DiscoveryClient_EMPLOYEE-SERVICE/IN-340D5S3:employee-service:8011 - Re-registering apps/EMPLOYEE-SERVICE
2024-11-12 10:40:00,129 INFO c.n.d.DiscoveryClient [DiscoveryClient-HeartbeatExecutor-0] DiscoveryClient_EMPLOYEE-SERVICE/IN-340D5S3:employee-service:8011: registering service...
2024-11-12 10:40:00,144 INFO c.n.d.DiscoveryClient [DiscoveryClient-HeartbeatExecutor-0] DiscoveryClient_EMPLOYEE-SERVICE/IN-340D5S3:employee-service:8011 - registration status: 204
2024-11-12 10:41:41,644 INFO c.n.d.s.r.a.ConfigClusterResolver [AsyncResolver-bootstrap-executor-0] Resolving eureka endpoints via configuration
2024-11-12 10:46:41,648 INFO c.n.d.s.r.a.ConfigClusterResolver [AsyncResolver-bootstrap-executor-0] Resolving eureka endpoints via configuration
2024-11-12 10:48:31,366 INFO c.h.e.e.c.EmployeeServiceController [http-nio-8011-exec-5] *****received request******  111
2024-11-12 10:48:31,366 INFO c.h.e.e.c.EmployeeServiceController [http-nio-8011-exec-5] *****returning employee******  Employee [name=Employee1, id=111]
2024-11-12 10:48:31,366 INFO c.h.e.e.c.EmployeeServiceController [http-nio-8011-exec-5] ****---------logger-info-findEmployeeDetails-----Here-------*****
2024-11-12 10:48:31,366 DEBUG c.h.e.e.c.EmployeeServiceController [http-nio-8011-exec-5] ****---------logger-debug-findEmployeeDetails-----Here-------*****
2024-11-12 10:48:31,366 ERROR c.h.e.e.c.EmployeeServiceController [http-nio-8011-exec-5] ****---------logger-error-findEmployeeDetails-----Here-------*****
2024-11-12 10:48:31,366 WARN c.h.e.e.c.EmployeeServiceController [http-nio-8011-exec-5] ****---------logger-warn-findEmployeeDetails-----Here-------*****
2024-11-12 10:51:41,655 INFO c.n.d.s.r.a.ConfigClusterResolver [AsyncResolver-bootstrap-executor-0] Resolving eureka endpoints via configuration
2024-11-12 10:56:41,666 INFO c.n.d.s.r.a.ConfigClusterResolver [AsyncResolver-bootstrap-executor-0] Resolving eureka endpoints via configuration
2024-11-12 11:04:47,014 INFO c.n.d.s.r.a.ConfigClusterResolver [AsyncResolver-bootstrap-executor-0] Resolving eureka endpoints via configuration
2024-11-12 11:06:28,346 INFO c.h.e.e.c.EmployeeServiceController [http-nio-8011-exec-8] *****received request******  111
2024-11-12 11:06:28,346 INFO c.h.e.e.c.EmployeeServiceController [http-nio-8011-exec-8] *****returning employee******  Employee [name=Employee1, id=111]
2024-11-12 11:06:28,346 INFO c.h.e.e.c.EmployeeServiceController [http-nio-8011-exec-8] ****---------logger-info-findEmployeeDetails-----Here-------*****
2024-11-12 11:06:28,347 DEBUG c.h.e.e.c.EmployeeServiceController [http-nio-8011-exec-8] ****---------logger-debug-findEmployeeDetails-----Here-------*****
2024-11-12 11:06:28,347 ERROR c.h.e.e.c.EmployeeServiceController [http-nio-8011-exec-8] ****---------logger-error-findEmployeeDetails-----Here-------*****
2024-11-12 11:06:28,347 WARN c.h.e.e.c.EmployeeServiceController [http-nio-8011-exec-8] ****---------logger-warn-findEmployeeDetails-----Here-------*****
2024-11-12 11:09:47,020 INFO c.n.d.s.r.a.ConfigClusterResolver [AsyncResolver-bootstrap-executor-0] Resolving eureka endpoints via configuration
2024-11-12 11:16:03,206 INFO c.n.d.s.r.a.ConfigClusterResolver [AsyncResolver-bootstrap-executor-0] Resolving eureka endpoints via configuration
2024-11-12 11:19:21,604 INFO c.n.d.DiscoveryClient [DiscoveryClient-HeartbeatExecutor-0] DiscoveryClient_EMPLOYEE-SERVICE/IN-340D5S3:employee-service:8011 - Re-registering apps/EMPLOYEE-SERVICE
2024-11-12 11:19:21,604 INFO c.n.d.DiscoveryClient [DiscoveryClient-HeartbeatExecutor-0] DiscoveryClient_EMPLOYEE-SERVICE/IN-340D5S3:employee-service:8011: registering service...
2024-11-12 11:19:21,619 INFO c.n.d.DiscoveryClient [DiscoveryClient-HeartbeatExecutor-0] DiscoveryClient_EMPLOYEE-SERVICE/IN-340D5S3:employee-service:8011 - registration status: 204
2024-11-12 11:20:21,926 INFO c.n.d.DiscoveryClient [DiscoveryClient-HeartbeatExecutor-0] DiscoveryClient_EMPLOYEE-SERVICE/IN-340D5S3:employee-service:8011 - Re-registering apps/EMPLOYEE-SERVICE
2024-11-12 11:20:21,926 INFO c.n.d.DiscoveryClient [DiscoveryClient-HeartbeatExecutor-0] DiscoveryClient_EMPLOYEE-SERVICE/IN-340D5S3:employee-service:8011: registering service...
2024-11-12 11:20:21,953 INFO c.n.d.DiscoveryClient [DiscoveryClient-HeartbeatExecutor-0] DiscoveryClient_EMPLOYEE-SERVICE/IN-340D5S3:employee-service:8011 - registration status: 204
2024-11-12 11:21:03,209 INFO c.n.d.s.r.a.ConfigClusterResolver [AsyncResolver-bootstrap-executor-0] Resolving eureka endpoints via configuration
2024-11-12 11:25:22,443 INFO c.h.e.e.c.EmployeeServiceController [http-nio-8011-exec-9] *****received request******  111
2024-11-12 11:25:22,443 INFO c.h.e.e.c.EmployeeServiceController [http-nio-8011-exec-9] *****returning employee******  Employee [name=Employee1, id=111]
2024-11-12 11:25:22,443 INFO c.h.e.e.c.EmployeeServiceController [http-nio-8011-exec-9] ****---------logger-info-findEmployeeDetails-----Here-------*****
2024-11-12 11:25:22,443 DEBUG c.h.e.e.c.EmployeeServiceController [http-nio-8011-exec-9] ****---------logger-debug-findEmployeeDetails-----Here-------*****
2024-11-12 11:25:22,443 ERROR c.h.e.e.c.EmployeeServiceController [http-nio-8011-exec-9] ****---------logger-error-findEmployeeDetails-----Here-------*****
2024-11-12 11:25:22,451 WARN c.h.e.e.c.EmployeeServiceController [http-nio-8011-exec-9] ****---------logger-warn-findEmployeeDetails-----Here-------*****
2024-11-12 11:25:23,719 INFO c.h.e.e.c.EmployeeServiceController [http-nio-8011-exec-10] *****received request******  111
2024-11-12 11:25:23,719 INFO c.h.e.e.c.EmployeeServiceController [http-nio-8011-exec-10] *****returning employee******  Employee [name=Employee1, id=111]
2024-11-12 11:25:23,719 INFO c.h.e.e.c.EmployeeServiceController [http-nio-8011-exec-10] ****---------logger-info-findEmployeeDetails-----Here-------*****
2024-11-12 11:25:23,719 DEBUG c.h.e.e.c.EmployeeServiceController [http-nio-8011-exec-10] ****---------logger-debug-findEmployeeDetails-----Here-------*****
2024-11-12 11:25:23,719 ERROR c.h.e.e.c.EmployeeServiceController [http-nio-8011-exec-10] ****---------logger-error-findEmployeeDetails-----Here-------*****
2024-11-12 11:25:23,719 WARN c.h.e.e.c.EmployeeServiceController [http-nio-8011-exec-10] ****---------logger-warn-findEmployeeDetails-----Here-------*****
2024-11-12 11:25:26,540 INFO c.h.e.e.c.EmployeeServiceController [http-nio-8011-exec-1] *****received request******  111
2024-11-12 11:25:26,541 INFO c.h.e.e.c.EmployeeServiceController [http-nio-8011-exec-1] *****returning employee******  Employee [name=Employee1, id=111]
2024-11-12 11:25:26,541 INFO c.h.e.e.c.EmployeeServiceController [http-nio-8011-exec-1] ****---------logger-info-findEmployeeDetails-----Here-------*****
2024-11-12 11:25:26,541 DEBUG c.h.e.e.c.EmployeeServiceController [http-nio-8011-exec-1] ****---------logger-debug-findEmployeeDetails-----Here-------*****
2024-11-12 11:25:26,541 ERROR c.h.e.e.c.EmployeeServiceController [http-nio-8011-exec-1] ****---------logger-error-findEmployeeDetails-----Here-------*****
2024-11-12 11:25:26,542 WARN c.h.e.e.c.EmployeeServiceController [http-nio-8011-exec-1] ****---------logger-warn-findEmployeeDetails-----Here-------*****
2024-11-12 11:25:27,167 INFO c.h.e.e.c.EmployeeServiceController [http-nio-8011-exec-2] *****received request******  111
2024-11-12 11:25:27,187 INFO c.h.e.e.c.EmployeeServiceController [http-nio-8011-exec-2] *****returning employee******  Employee [name=Employee1, id=111]
2024-11-12 11:25:27,187 INFO c.h.e.e.c.EmployeeServiceController [http-nio-8011-exec-2] ****---------logger-info-findEmployeeDetails-----Here-------*****
2024-11-12 11:25:27,187 DEBUG c.h.e.e.c.EmployeeServiceController [http-nio-8011-exec-2] ****---------logger-debug-findEmployeeDetails-----Here-------*****
2024-11-12 11:25:27,187 ERROR c.h.e.e.c.EmployeeServiceController [http-nio-8011-exec-2] ****---------logger-error-findEmployeeDetails-----Here-------*****
2024-11-12 11:25:27,187 WARN c.h.e.e.c.EmployeeServiceController [http-nio-8011-exec-2] ****---------logger-warn-findEmployeeDetails-----Here-------*****
2024-11-12 11:25:27,379 INFO c.h.e.e.c.EmployeeServiceController [http-nio-8011-exec-4] *****received request******  111
2024-11-12 11:25:27,379 INFO c.h.e.e.c.EmployeeServiceController [http-nio-8011-exec-4] *****returning employee******  Employee [name=Employee1, id=111]
2024-11-12 11:25:27,379 INFO c.h.e.e.c.EmployeeServiceController [http-nio-8011-exec-4] ****---------logger-info-findEmployeeDetails-----Here-------*****
2024-11-12 11:25:27,380 DEBUG c.h.e.e.c.EmployeeServiceController [http-nio-8011-exec-4] ****---------logger-debug-findEmployeeDetails-----Here-------*****
2024-11-12 11:25:27,380 ERROR c.h.e.e.c.EmployeeServiceController [http-nio-8011-exec-4] ****---------logger-error-findEmployeeDetails-----Here-------*****
2024-11-12 11:25:27,380 WARN c.h.e.e.c.EmployeeServiceController [http-nio-8011-exec-4] ****---------logger-warn-findEmployeeDetails-----Here-------*****
2024-11-12 11:25:27,530 INFO c.h.e.e.c.EmployeeServiceController [http-nio-8011-exec-3] *****received request******  111
2024-11-12 11:25:27,530 INFO c.h.e.e.c.EmployeeServiceController [http-nio-8011-exec-3] *****returning employee******  Employee [name=Employee1, id=111]
2024-11-12 11:25:27,555 INFO c.h.e.e.c.EmployeeServiceController [http-nio-8011-exec-3] ****---------logger-info-findEmployeeDetails-----Here-------*****
2024-11-12 11:25:27,555 DEBUG c.h.e.e.c.EmployeeServiceController [http-nio-8011-exec-3] ****---------logger-debug-findEmployeeDetails-----Here-------*****
2024-11-12 11:25:27,555 ERROR c.h.e.e.c.EmployeeServiceController [http-nio-8011-exec-3] ****---------logger-error-findEmployeeDetails-----Here-------*****
2024-11-12 11:25:27,555 WARN c.h.e.e.c.EmployeeServiceController [http-nio-8011-exec-3] ****---------logger-warn-findEmployeeDetails-----Here-------*****
2024-11-12 11:25:27,656 INFO c.h.e.e.c.EmployeeServiceController [http-nio-8011-exec-6] *****received request******  111
2024-11-12 11:25:27,656 INFO c.h.e.e.c.EmployeeServiceController [http-nio-8011-exec-6] *****returning employee******  Employee [name=Employee1, id=111]
2024-11-12 11:25:27,657 INFO c.h.e.e.c.EmployeeServiceController [http-nio-8011-exec-6] ****---------logger-info-findEmployeeDetails-----Here-------*****
2024-11-12 11:25:27,657 DEBUG c.h.e.e.c.EmployeeServiceController [http-nio-8011-exec-6] ****---------logger-debug-findEmployeeDetails-----Here-------*****
2024-11-12 11:25:27,657 ERROR c.h.e.e.c.EmployeeServiceController [http-nio-8011-exec-6] ****---------logger-error-findEmployeeDetails-----Here-------*****
2024-11-12 11:25:27,657 WARN c.h.e.e.c.EmployeeServiceController [http-nio-8011-exec-6] ****---------logger-warn-findEmployeeDetails-----Here-------*****
2024-11-12 11:25:27,800 INFO c.h.e.e.c.EmployeeServiceController [http-nio-8011-exec-5] *****received request******  111
2024-11-12 11:25:27,800 INFO c.h.e.e.c.EmployeeServiceController [http-nio-8011-exec-5] *****returning employee******  Employee [name=Employee1, id=111]
2024-11-12 11:25:27,802 INFO c.h.e.e.c.EmployeeServiceController [http-nio-8011-exec-5] ****---------logger-info-findEmployeeDetails-----Here-------*****
2024-11-12 11:25:27,802 DEBUG c.h.e.e.c.EmployeeServiceController [http-nio-8011-exec-5] ****---------logger-debug-findEmployeeDetails-----Here-------*****
2024-11-12 11:25:27,802 ERROR c.h.e.e.c.EmployeeServiceController [http-nio-8011-exec-5] ****---------logger-error-findEmployeeDetails-----Here-------*****
2024-11-12 11:25:27,802 WARN c.h.e.e.c.EmployeeServiceController [http-nio-8011-exec-5] ****---------logger-warn-findEmployeeDetails-----Here-------*****
2024-11-12 11:25:27,928 INFO c.h.e.e.c.EmployeeServiceController [http-nio-8011-exec-7] *****received request******  111
2024-11-12 11:25:27,928 INFO c.h.e.e.c.EmployeeServiceController [http-nio-8011-exec-7] *****returning employee******  Employee [name=Employee1, id=111]
2024-11-12 11:25:27,928 INFO c.h.e.e.c.EmployeeServiceController [http-nio-8011-exec-7] ****---------logger-info-findEmployeeDetails-----Here-------*****
2024-11-12 11:25:27,928 DEBUG c.h.e.e.c.EmployeeServiceController [http-nio-8011-exec-7] ****---------logger-debug-findEmployeeDetails-----Here-------*****
2024-11-12 11:25:27,928 ERROR c.h.e.e.c.EmployeeServiceController [http-nio-8011-exec-7] ****---------logger-error-findEmployeeDetails-----Here-------*****
2024-11-12 11:25:27,928 WARN c.h.e.e.c.EmployeeServiceController [http-nio-8011-exec-7] ****---------logger-warn-findEmployeeDetails-----Here-------*****
2024-11-12 11:25:28,066 INFO c.h.e.e.c.EmployeeServiceController [http-nio-8011-exec-8] *****received request******  111
2024-11-12 11:25:28,066 INFO c.h.e.e.c.EmployeeServiceController [http-nio-8011-exec-8] *****returning employee******  Employee [name=Employee1, id=111]
2024-11-12 11:25:28,066 INFO c.h.e.e.c.EmployeeServiceController [http-nio-8011-exec-8] ****---------logger-info-findEmployeeDetails-----Here-------*****
2024-11-12 11:25:28,066 DEBUG c.h.e.e.c.EmployeeServiceController [http-nio-8011-exec-8] ****---------logger-debug-findEmployeeDetails-----Here-------*****
2024-11-12 11:25:28,066 ERROR c.h.e.e.c.EmployeeServiceController [http-nio-8011-exec-8] ****---------logger-error-findEmployeeDetails-----Here-------*****
2024-11-12 11:25:28,066 WARN c.h.e.e.c.EmployeeServiceController [http-nio-8011-exec-8] ****---------logger-warn-findEmployeeDetails-----Here-------*****
2024-11-12 11:25:28,263 INFO c.h.e.e.c.EmployeeServiceController [http-nio-8011-exec-9] *****received request******  111
2024-11-12 11:25:28,263 INFO c.h.e.e.c.EmployeeServiceController [http-nio-8011-exec-9] *****returning employee******  Employee [name=Employee1, id=111]
2024-11-12 11:25:28,263 INFO c.h.e.e.c.EmployeeServiceController [http-nio-8011-exec-9] ****---------logger-info-findEmployeeDetails-----Here-------*****
2024-11-12 11:25:28,263 DEBUG c.h.e.e.c.EmployeeServiceController [http-nio-8011-exec-9] ****---------logger-debug-findEmployeeDetails-----Here-------*****
2024-11-12 11:25:28,263 ERROR c.h.e.e.c.EmployeeServiceController [http-nio-8011-exec-9] ****---------logger-error-findEmployeeDetails-----Here-------*****
2024-11-12 11:25:28,263 WARN c.h.e.e.c.EmployeeServiceController [http-nio-8011-exec-9] ****---------logger-warn-findEmployeeDetails-----Here-------*****
2024-11-12 11:25:28,445 INFO c.h.e.e.c.EmployeeServiceController [http-nio-8011-exec-10] *****received request******  111
2024-11-12 11:25:28,445 INFO c.h.e.e.c.EmployeeServiceController [http-nio-8011-exec-10] *****returning employee******  Employee [name=Employee1, id=111]
2024-11-12 11:25:28,445 INFO c.h.e.e.c.EmployeeServiceController [http-nio-8011-exec-10] ****---------logger-info-findEmployeeDetails-----Here-------*****
2024-11-12 11:25:28,445 DEBUG c.h.e.e.c.EmployeeServiceController [http-nio-8011-exec-10] ****---------logger-debug-findEmployeeDetails-----Here-------*****
2024-11-12 11:25:28,445 ERROR c.h.e.e.c.EmployeeServiceController [http-nio-8011-exec-10] ****---------logger-error-findEmployeeDetails-----Here-------*****
2024-11-12 11:25:28,445 WARN c.h.e.e.c.EmployeeServiceController [http-nio-8011-exec-10] ****---------logger-warn-findEmployeeDetails-----Here-------*****
2024-11-12 11:25:28,621 INFO c.h.e.e.c.EmployeeServiceController [http-nio-8011-exec-1] *****received request******  111
2024-11-12 11:25:28,623 INFO c.h.e.e.c.EmployeeServiceController [http-nio-8011-exec-1] *****returning employee******  Employee [name=Employee1, id=111]
2024-11-12 11:25:28,623 INFO c.h.e.e.c.EmployeeServiceController [http-nio-8011-exec-1] ****---------logger-info-findEmployeeDetails-----Here-------*****
2024-11-12 11:25:28,623 DEBUG c.h.e.e.c.EmployeeServiceController [http-nio-8011-exec-1] ****---------logger-debug-findEmployeeDetails-----Here-------*****
2024-11-12 11:25:28,623 ERROR c.h.e.e.c.EmployeeServiceController [http-nio-8011-exec-1] ****---------logger-error-findEmployeeDetails-----Here-------*****
2024-11-12 11:25:28,623 WARN c.h.e.e.c.EmployeeServiceController [http-nio-8011-exec-1] ****---------logger-warn-findEmployeeDetails-----Here-------*****
2024-11-12 11:26:03,215 INFO c.n.d.s.r.a.ConfigClusterResolver [AsyncResolver-bootstrap-executor-0] Resolving eureka endpoints via configuration
2024-11-12 11:31:03,219 INFO c.n.d.s.r.a.ConfigClusterResolver [AsyncResolver-bootstrap-executor-0] Resolving eureka endpoints via configuration
2024-11-12 11:36:03,223 INFO c.n.d.s.r.a.ConfigClusterResolver [AsyncResolver-bootstrap-executor-0] Resolving eureka endpoints via configuration
2024-11-12 11:36:21,950 INFO c.n.d.DiscoveryClient [DiscoveryClient-HeartbeatExecutor-0] DiscoveryClient_EMPLOYEE-SERVICE/IN-340D5S3:employee-service:8011 - Re-registering apps/EMPLOYEE-SERVICE
2024-11-12 11:36:21,950 INFO c.n.d.DiscoveryClient [DiscoveryClient-HeartbeatExecutor-0] DiscoveryClient_EMPLOYEE-SERVICE/IN-340D5S3:employee-service:8011: registering service...
2024-11-12 11:36:21,966 INFO c.n.d.DiscoveryClient [DiscoveryClient-HeartbeatExecutor-0] DiscoveryClient_EMPLOYEE-SERVICE/IN-340D5S3:employee-service:8011 - registration status: 204
2024-11-12 11:41:03,226 INFO c.n.d.s.r.a.ConfigClusterResolver [AsyncResolver-bootstrap-executor-0] Resolving eureka endpoints via configuration
2024-11-12 11:46:03,237 INFO c.n.d.s.r.a.ConfigClusterResolver [AsyncResolver-bootstrap-executor-0] Resolving eureka endpoints via configuration
2024-11-12 11:51:03,241 INFO c.n.d.s.r.a.ConfigClusterResolver [AsyncResolver-bootstrap-executor-0] Resolving eureka endpoints via configuration
2024-11-12 11:55:21,860 INFO c.n.d.DiscoveryClient [DiscoveryClient-HeartbeatExecutor-0] DiscoveryClient_EMPLOYEE-SERVICE/IN-340D5S3:employee-service:8011 - Re-registering apps/EMPLOYEE-SERVICE
2024-11-12 11:55:21,861 INFO c.n.d.DiscoveryClient [DiscoveryClient-HeartbeatExecutor-0] DiscoveryClient_EMPLOYEE-SERVICE/IN-340D5S3:employee-service:8011: registering service...
2024-11-12 11:55:21,877 INFO c.n.d.DiscoveryClient [DiscoveryClient-HeartbeatExecutor-0] DiscoveryClient_EMPLOYEE-SERVICE/IN-340D5S3:employee-service:8011 - registration status: 204
2024-11-12 11:56:03,244 INFO c.n.d.s.r.a.ConfigClusterResolver [AsyncResolver-bootstrap-executor-0] Resolving eureka endpoints via configuration
2024-11-12 11:56:22,153 INFO c.n.d.DiscoveryClient [DiscoveryClient-HeartbeatExecutor-0] DiscoveryClient_EMPLOYEE-SERVICE/IN-340D5S3:employee-service:8011 - Re-registering apps/EMPLOYEE-SERVICE
2024-11-12 11:56:22,154 INFO c.n.d.DiscoveryClient [DiscoveryClient-HeartbeatExecutor-0] DiscoveryClient_EMPLOYEE-SERVICE/IN-340D5S3:employee-service:8011: registering service...
2024-11-12 11:56:22,169 INFO c.n.d.DiscoveryClient [DiscoveryClient-HeartbeatExecutor-0] DiscoveryClient_EMPLOYEE-SERVICE/IN-340D5S3:employee-service:8011 - registration status: 204
2024-11-12 12:01:03,252 INFO c.n.d.s.r.a.ConfigClusterResolver [AsyncResolver-bootstrap-executor-0] Resolving eureka endpoints via configuration
2024-11-12 12:06:03,258 INFO c.n.d.s.r.a.ConfigClusterResolver [AsyncResolver-bootstrap-executor-0] Resolving eureka endpoints via configuration
2024-11-12 12:16:43,557 INFO c.n.d.s.r.a.ConfigClusterResolver [AsyncResolver-bootstrap-executor-0] Resolving eureka endpoints via configuration
2024-11-12 12:20:02,597 INFO c.n.d.DiscoveryClient [DiscoveryClient-HeartbeatExecutor-0] DiscoveryClient_EMPLOYEE-SERVICE/IN-340D5S3:employee-service:8011 - Re-registering apps/EMPLOYEE-SERVICE
2024-11-12 12:20:02,597 INFO c.n.d.DiscoveryClient [DiscoveryClient-HeartbeatExecutor-0] DiscoveryClient_EMPLOYEE-SERVICE/IN-340D5S3:employee-service:8011: registering service...
2024-11-12 12:20:02,612 INFO c.n.d.DiscoveryClient [DiscoveryClient-HeartbeatExecutor-0] DiscoveryClient_EMPLOYEE-SERVICE/IN-340D5S3:employee-service:8011 - registration status: 204
2024-11-12 12:21:43,571 INFO c.n.d.s.r.a.ConfigClusterResolver [AsyncResolver-bootstrap-executor-0] Resolving eureka endpoints via configuration
2024-11-12 12:26:43,576 INFO c.n.d.s.r.a.ConfigClusterResolver [AsyncResolver-bootstrap-executor-0] Resolving eureka endpoints via configuration
2024-11-12 12:31:43,583 INFO c.n.d.s.r.a.ConfigClusterResolver [AsyncResolver-bootstrap-executor-0] Resolving eureka endpoints via configuration
2024-11-12 12:48:59,708 INFO c.n.d.s.r.a.ConfigClusterResolver [AsyncResolver-bootstrap-executor-0] Resolving eureka endpoints via configuration
2024-11-12 12:49:18,663 INFO c.n.d.DiscoveryClient [DiscoveryClient-HeartbeatExecutor-0] DiscoveryClient_EMPLOYEE-SERVICE/IN-340D5S3:employee-service:8011 - Re-registering apps/EMPLOYEE-SERVICE
2024-11-12 12:49:18,663 INFO c.n.d.DiscoveryClient [DiscoveryClient-HeartbeatExecutor-0] DiscoveryClient_EMPLOYEE-SERVICE/IN-340D5S3:employee-service:8011: registering service...
2024-11-12 12:49:18,679 INFO c.n.d.DiscoveryClient [DiscoveryClient-HeartbeatExecutor-0] DiscoveryClient_EMPLOYEE-SERVICE/IN-340D5S3:employee-service:8011 - registration status: 204
2024-11-12 12:50:18,863 INFO c.n.d.DiscoveryClient [DiscoveryClient-HeartbeatExecutor-0] DiscoveryClient_EMPLOYEE-SERVICE/IN-340D5S3:employee-service:8011 - Re-registering apps/EMPLOYEE-SERVICE
2024-11-12 12:50:18,864 INFO c.n.d.DiscoveryClient [DiscoveryClient-HeartbeatExecutor-0] DiscoveryClient_EMPLOYEE-SERVICE/IN-340D5S3:employee-service:8011: registering service...
2024-11-12 12:50:18,869 INFO c.n.d.DiscoveryClient [DiscoveryClient-HeartbeatExecutor-0] DiscoveryClient_EMPLOYEE-SERVICE/IN-340D5S3:employee-service:8011 - registration status: 204
2024-11-12 12:53:59,722 INFO c.n.d.s.r.a.ConfigClusterResolver [AsyncResolver-bootstrap-executor-0] Resolving eureka endpoints via configuration
2024-11-12 13:41:12,098 INFO c.n.d.s.r.a.ConfigClusterResolver [AsyncResolver-bootstrap-executor-0] Resolving eureka endpoints via configuration
2024-11-12 13:46:12,114 INFO c.n.d.s.r.a.ConfigClusterResolver [AsyncResolver-bootstrap-executor-0] Resolving eureka endpoints via configuration
2024-11-12 13:49:30,822 INFO c.n.d.DiscoveryClient [DiscoveryClient-HeartbeatExecutor-0] DiscoveryClient_EMPLOYEE-SERVICE/IN-340D5S3:employee-service:8011 - Re-registering apps/EMPLOYEE-SERVICE
2024-11-12 13:49:30,822 INFO c.n.d.DiscoveryClient [DiscoveryClient-HeartbeatExecutor-0] DiscoveryClient_EMPLOYEE-SERVICE/IN-340D5S3:employee-service:8011: registering service...
2024-11-12 13:49:30,839 INFO c.n.d.DiscoveryClient [DiscoveryClient-HeartbeatExecutor-0] DiscoveryClient_EMPLOYEE-SERVICE/IN-340D5S3:employee-service:8011 - registration status: 204
2024-11-12 13:50:31,201 INFO c.n.d.DiscoveryClient [DiscoveryClient-HeartbeatExecutor-0] DiscoveryClient_EMPLOYEE-SERVICE/IN-340D5S3:employee-service:8011 - Re-registering apps/EMPLOYEE-SERVICE
2024-11-12 13:50:31,202 INFO c.n.d.DiscoveryClient [DiscoveryClient-HeartbeatExecutor-0] DiscoveryClient_EMPLOYEE-SERVICE/IN-340D5S3:employee-service:8011: registering service...
2024-11-12 13:50:31,218 INFO c.n.d.DiscoveryClient [DiscoveryClient-HeartbeatExecutor-0] DiscoveryClient_EMPLOYEE-SERVICE/IN-340D5S3:employee-service:8011 - registration status: 204
2024-11-12 13:51:12,128 INFO c.n.d.s.r.a.ConfigClusterResolver [AsyncResolver-bootstrap-executor-0] Resolving eureka endpoints via configuration
2024-11-12 13:56:12,130 INFO c.n.d.s.r.a.ConfigClusterResolver [AsyncResolver-bootstrap-executor-0] Resolving eureka endpoints via configuration
2024-11-12 14:01:12,133 INFO c.n.d.s.r.a.ConfigClusterResolver [AsyncResolver-bootstrap-executor-0] Resolving eureka endpoints via configuration
2024-11-12 14:06:12,143 INFO c.n.d.s.r.a.ConfigClusterResolver [AsyncResolver-bootstrap-executor-0] Resolving eureka endpoints via configuration
2024-11-12 14:06:31,143 INFO c.n.d.DiscoveryClient [DiscoveryClient-HeartbeatExecutor-0] DiscoveryClient_EMPLOYEE-SERVICE/IN-340D5S3:employee-service:8011 - Re-registering apps/EMPLOYEE-SERVICE
2024-11-12 14:06:31,143 INFO c.n.d.DiscoveryClient [DiscoveryClient-HeartbeatExecutor-0] DiscoveryClient_EMPLOYEE-SERVICE/IN-340D5S3:employee-service:8011: registering service...
2024-11-12 14:06:31,163 INFO c.n.d.DiscoveryClient [DiscoveryClient-HeartbeatExecutor-0] DiscoveryClient_EMPLOYEE-SERVICE/IN-340D5S3:employee-service:8011 - registration status: 204
2024-11-12 14:11:12,156 INFO c.n.d.s.r.a.ConfigClusterResolver [AsyncResolver-bootstrap-executor-0] Resolving eureka endpoints via configuration
2024-11-12 14:16:12,163 INFO c.n.d.s.r.a.ConfigClusterResolver [AsyncResolver-bootstrap-executor-0] Resolving eureka endpoints via configuration
2024-11-12 14:21:12,172 INFO c.n.d.s.r.a.ConfigClusterResolver [AsyncResolver-bootstrap-executor-0] Resolving eureka endpoints via configuration
2024-11-12 14:21:31,046 INFO c.n.d.DiscoveryClient [DiscoveryClient-HeartbeatExecutor-0] DiscoveryClient_EMPLOYEE-SERVICE/IN-340D5S3:employee-service:8011 - Re-registering apps/EMPLOYEE-SERVICE
2024-11-12 14:21:31,046 INFO c.n.d.DiscoveryClient [DiscoveryClient-HeartbeatExecutor-0] DiscoveryClient_EMPLOYEE-SERVICE/IN-340D5S3:employee-service:8011: registering service...
2024-11-12 14:21:31,062 INFO c.n.d.DiscoveryClient [DiscoveryClient-HeartbeatExecutor-0] DiscoveryClient_EMPLOYEE-SERVICE/IN-340D5S3:employee-service:8011 - registration status: 204
2024-11-12 14:22:31,373 INFO c.n.d.DiscoveryClient [DiscoveryClient-HeartbeatExecutor-0] DiscoveryClient_EMPLOYEE-SERVICE/IN-340D5S3:employee-service:8011 - Re-registering apps/EMPLOYEE-SERVICE
2024-11-12 14:22:31,373 INFO c.n.d.DiscoveryClient [DiscoveryClient-HeartbeatExecutor-0] DiscoveryClient_EMPLOYEE-SERVICE/IN-340D5S3:employee-service:8011: registering service...
2024-11-12 14:22:31,389 INFO c.n.d.DiscoveryClient [DiscoveryClient-HeartbeatExecutor-0] DiscoveryClient_EMPLOYEE-SERVICE/IN-340D5S3:employee-service:8011 - registration status: 204
2024-11-12 14:26:12,187 INFO c.n.d.s.r.a.ConfigClusterResolver [AsyncResolver-bootstrap-executor-0] Resolving eureka endpoints via configuration
2024-11-12 14:31:12,191 INFO c.n.d.s.r.a.ConfigClusterResolver [AsyncResolver-bootstrap-executor-0] Resolving eureka endpoints via configuration
2024-11-12 14:36:12,193 INFO c.n.d.s.r.a.ConfigClusterResolver [AsyncResolver-bootstrap-executor-0] Resolving eureka endpoints via configuration
2024-11-12 14:38:26,304 INFO c.n.d.s.t.d.RedirectingEurekaHttpClient [DiscoveryClient-HeartbeatExecutor-0] Request execution error. endpoint=DefaultEndpoint{ serviceUrl='http://localhost:8761/eureka/} exception=java.net.ConnectException: Connection refused: getsockopt stacktrace=com.sun.jersey.api.client.ClientHandlerException: java.net.ConnectException: Connection refused: getsockopt
	at com.sun.jersey.client.apache4.ApacheHttpClient4Handler.handle(ApacheHttpClient4Handler.java:187)
	at com.sun.jersey.api.client.filter.GZIPContentEncodingFilter.handle(GZIPContentEncodingFilter.java:123)
	at com.netflix.discovery.EurekaIdentityHeaderFilter.handle(EurekaIdentityHeaderFilter.java:27)
	at com.sun.jersey.api.client.Client.handle(Client.java:652)
	at com.sun.jersey.api.client.WebResource.handle(WebResource.java:682)
	at com.sun.jersey.api.client.WebResource.access$200(WebResource.java:74)
	at com.sun.jersey.api.client.WebResource$Builder.put(WebResource.java:529)
	at com.netflix.discovery.shared.transport.jersey.AbstractJerseyEurekaHttpClient.sendHeartBeat(AbstractJerseyEurekaHttpClient.java:103)
	at com.netflix.discovery.shared.transport.decorator.EurekaHttpClientDecorator$3.execute(EurekaHttpClientDecorator.java:92)
	at com.netflix.discovery.shared.transport.decorator.MetricsCollectingEurekaHttpClient.execute(MetricsCollectingEurekaHttpClient.java:73)
	at com.netflix.discovery.shared.transport.decorator.EurekaHttpClientDecorator.sendHeartBeat(EurekaHttpClientDecorator.java:89)
	at com.netflix.discovery.shared.transport.decorator.EurekaHttpClientDecorator$3.execute(EurekaHttpClientDecorator.java:92)
	at com.netflix.discovery.shared.transport.decorator.RedirectingEurekaHttpClient.execute(RedirectingEurekaHttpClient.java:91)
	at com.netflix.discovery.shared.transport.decorator.EurekaHttpClientDecorator.sendHeartBeat(EurekaHttpClientDecorator.java:89)
	at com.netflix.discovery.shared.transport.decorator.EurekaHttpClientDecorator$3.execute(EurekaHttpClientDecorator.java:92)
	at com.netflix.discovery.shared.transport.decorator.RetryableEurekaHttpClient.execute(RetryableEurekaHttpClient.java:120)
	at com.netflix.discovery.shared.transport.decorator.EurekaHttpClientDecorator.sendHeartBeat(EurekaHttpClientDecorator.java:89)
	at com.netflix.discovery.shared.transport.decorator.EurekaHttpClientDecorator$3.execute(EurekaHttpClientDecorator.java:92)
	at com.netflix.discovery.shared.transport.decorator.SessionedEurekaHttpClient.execute(SessionedEurekaHttpClient.java:77)
	at com.netflix.discovery.shared.transport.decorator.EurekaHttpClientDecorator.sendHeartBeat(EurekaHttpClientDecorator.java:89)
	at com.netflix.discovery.DiscoveryClient.renew(DiscoveryClient.java:893)
	at com.netflix.discovery.DiscoveryClient$HeartbeatThread.run(DiscoveryClient.java:1457)
	at java.base/java.util.concurrent.Executors$RunnableAdapter.call(Executors.java:572)
	at java.base/java.util.concurrent.FutureTask.run(FutureTask.java:317)
	at java.base/java.util.concurrent.ThreadPoolExecutor.runWorker(ThreadPoolExecutor.java:1144)
	at java.base/java.util.concurrent.ThreadPoolExecutor$Worker.run(ThreadPoolExecutor.java:642)
	at java.base/java.lang.Thread.run(Thread.java:1583)
Caused by: java.net.ConnectException: Connection refused: getsockopt
	at java.base/sun.nio.ch.Net.pollConnect(Native Method)
	at java.base/sun.nio.ch.Net.pollConnectNow(Net.java:682)
	at java.base/sun.nio.ch.NioSocketImpl.timedFinishConnect(NioSocketImpl.java:542)
	at java.base/sun.nio.ch.NioSocketImpl.connect(NioSocketImpl.java:592)
	at java.base/java.net.SocksSocketImpl.connect(SocksSocketImpl.java:327)
	at java.base/java.net.Socket.connect(Socket.java:751)
	at org.apache.http.conn.scheme.PlainSocketFactory.connectSocket(PlainSocketFactory.java:121)
	at org.apache.http.impl.conn.DefaultClientConnectionOperator.openConnection(DefaultClientConnectionOperator.java:180)
	at org.apache.http.impl.conn.AbstractPoolEntry.open(AbstractPoolEntry.java:144)
	at org.apache.http.impl.conn.AbstractPooledConnAdapter.open(AbstractPooledConnAdapter.java:134)
	at org.apache.http.impl.client.DefaultRequestDirector.tryConnect(DefaultRequestDirector.java:605)
	at org.apache.http.impl.client.DefaultRequestDirector.execute(DefaultRequestDirector.java:440)
	at org.apache.http.impl.client.AbstractHttpClient.doExecute(AbstractHttpClient.java:835)
	at org.apache.http.impl.client.CloseableHttpClient.execute(CloseableHttpClient.java:118)
	at org.apache.http.impl.client.CloseableHttpClient.execute(CloseableHttpClient.java:56)
	at com.sun.jersey.client.apache4.ApacheHttpClient4Handler.handle(ApacheHttpClient4Handler.java:173)
	... 26 more

2024-11-12 14:38:26,305 WARN c.n.d.s.t.d.RetryableEurekaHttpClient [DiscoveryClient-HeartbeatExecutor-0] Request execution failed with message: java.net.ConnectException: Connection refused: getsockopt
2024-11-12 14:38:26,307 INFO c.n.d.s.t.d.RedirectingEurekaHttpClient [DiscoveryClient-HeartbeatExecutor-0] Request execution error. endpoint=DefaultEndpoint{ serviceUrl='http://localhost:8761/eureka/}, exception=java.net.ConnectException: Connection refused: getsockopt stacktrace=com.sun.jersey.api.client.ClientHandlerException: java.net.ConnectException: Connection refused: getsockopt
	at com.sun.jersey.client.apache4.ApacheHttpClient4Handler.handle(ApacheHttpClient4Handler.java:187)
	at com.sun.jersey.api.client.filter.GZIPContentEncodingFilter.handle(GZIPContentEncodingFilter.java:123)
	at com.netflix.discovery.EurekaIdentityHeaderFilter.handle(EurekaIdentityHeaderFilter.java:27)
	at com.sun.jersey.api.client.Client.handle(Client.java:652)
	at com.sun.jersey.api.client.WebResource.handle(WebResource.java:682)
	at com.sun.jersey.api.client.WebResource.access$200(WebResource.java:74)
	at com.sun.jersey.api.client.WebResource$Builder.put(WebResource.java:529)
	at com.netflix.discovery.shared.transport.jersey.AbstractJerseyEurekaHttpClient.sendHeartBeat(AbstractJerseyEurekaHttpClient.java:103)
	at com.netflix.discovery.shared.transport.decorator.EurekaHttpClientDecorator$3.execute(EurekaHttpClientDecorator.java:92)
	at com.netflix.discovery.shared.transport.decorator.MetricsCollectingEurekaHttpClient.execute(MetricsCollectingEurekaHttpClient.java:73)
	at com.netflix.discovery.shared.transport.decorator.EurekaHttpClientDecorator.sendHeartBeat(EurekaHttpClientDecorator.java:89)
	at com.netflix.discovery.shared.transport.decorator.EurekaHttpClientDecorator$3.execute(EurekaHttpClientDecorator.java:92)
	at com.netflix.discovery.shared.transport.decorator.RedirectingEurekaHttpClient.executeOnNewServer(RedirectingEurekaHttpClient.java:121)
	at com.netflix.discovery.shared.transport.decorator.RedirectingEurekaHttpClient.execute(RedirectingEurekaHttpClient.java:80)
	at com.netflix.discovery.shared.transport.decorator.EurekaHttpClientDecorator.sendHeartBeat(EurekaHttpClientDecorator.java:89)
	at com.netflix.discovery.shared.transport.decorator.EurekaHttpClientDecorator$3.execute(EurekaHttpClientDecorator.java:92)
	at com.netflix.discovery.shared.transport.decorator.RetryableEurekaHttpClient.execute(RetryableEurekaHttpClient.java:120)
	at com.netflix.discovery.shared.transport.decorator.EurekaHttpClientDecorator.sendHeartBeat(EurekaHttpClientDecorator.java:89)
	at com.netflix.discovery.shared.transport.decorator.EurekaHttpClientDecorator$3.execute(EurekaHttpClientDecorator.java:92)
	at com.netflix.discovery.shared.transport.decorator.SessionedEurekaHttpClient.execute(SessionedEurekaHttpClient.java:77)
	at com.netflix.discovery.shared.transport.decorator.EurekaHttpClientDecorator.sendHeartBeat(EurekaHttpClientDecorator.java:89)
	at com.netflix.discovery.DiscoveryClient.renew(DiscoveryClient.java:893)
	at com.netflix.discovery.DiscoveryClient$HeartbeatThread.run(DiscoveryClient.java:1457)
	at java.base/java.util.concurrent.Executors$RunnableAdapter.call(Executors.java:572)
	at java.base/java.util.concurrent.FutureTask.run(FutureTask.java:317)
	at java.base/java.util.concurrent.ThreadPoolExecutor.runWorker(ThreadPoolExecutor.java:1144)
	at java.base/java.util.concurrent.ThreadPoolExecutor$Worker.run(ThreadPoolExecutor.java:642)
	at java.base/java.lang.Thread.run(Thread.java:1583)
Caused by: java.net.ConnectException: Connection refused: getsockopt
	at java.base/sun.nio.ch.Net.pollConnect(Native Method)
	at java.base/sun.nio.ch.Net.pollConnectNow(Net.java:682)
	at java.base/sun.nio.ch.NioSocketImpl.timedFinishConnect(NioSocketImpl.java:542)
	at java.base/sun.nio.ch.NioSocketImpl.connect(NioSocketImpl.java:592)
	at java.base/java.net.SocksSocketImpl.connect(SocksSocketImpl.java:327)
	at java.base/java.net.Socket.connect(Socket.java:751)
	at org.apache.http.conn.scheme.PlainSocketFactory.connectSocket(PlainSocketFactory.java:121)
	at org.apache.http.impl.conn.DefaultClientConnectionOperator.openConnection(DefaultClientConnectionOperator.java:180)
	at org.apache.http.impl.conn.AbstractPoolEntry.open(AbstractPoolEntry.java:144)
	at org.apache.http.impl.conn.AbstractPooledConnAdapter.open(AbstractPooledConnAdapter.java:134)
	at org.apache.http.impl.client.DefaultRequestDirector.tryConnect(DefaultRequestDirector.java:605)
	at org.apache.http.impl.client.DefaultRequestDirector.execute(DefaultRequestDirector.java:440)
	at org.apache.http.impl.client.AbstractHttpClient.doExecute(AbstractHttpClient.java:835)
	at org.apache.http.impl.client.CloseableHttpClient.execute(CloseableHttpClient.java:118)
	at org.apache.http.impl.client.CloseableHttpClient.execute(CloseableHttpClient.java:56)
	at com.sun.jersey.client.apache4.ApacheHttpClient4Handler.handle(ApacheHttpClient4Handler.java:173)
	... 27 more

2024-11-12 14:38:26,308 WARN c.n.d.s.t.d.RetryableEurekaHttpClient [DiscoveryClient-HeartbeatExecutor-0] Request execution failed with message: java.net.ConnectException: Connection refused: getsockopt
2024-11-12 14:38:26,308 ERROR c.n.d.DiscoveryClient [DiscoveryClient-HeartbeatExecutor-0] DiscoveryClient_EMPLOYEE-SERVICE/IN-340D5S3:employee-service:8011 - was unable to send heartbeat!
com.netflix.discovery.shared.transport.TransportException: Cannot execute request on any known server
	at com.netflix.discovery.shared.transport.decorator.RetryableEurekaHttpClient.execute(RetryableEurekaHttpClient.java:112) ~[eureka-client-1.10.11.jar:1.10.11]
	at com.netflix.discovery.shared.transport.decorator.EurekaHttpClientDecorator.sendHeartBeat(EurekaHttpClientDecorator.java:89) ~[eureka-client-1.10.11.jar:1.10.11]
	at com.netflix.discovery.shared.transport.decorator.EurekaHttpClientDecorator$3.execute(EurekaHttpClientDecorator.java:92) ~[eureka-client-1.10.11.jar:1.10.11]
	at com.netflix.discovery.shared.transport.decorator.SessionedEurekaHttpClient.execute(SessionedEurekaHttpClient.java:77) ~[eureka-client-1.10.11.jar:1.10.11]
	at com.netflix.discovery.shared.transport.decorator.EurekaHttpClientDecorator.sendHeartBeat(EurekaHttpClientDecorator.java:89) ~[eureka-client-1.10.11.jar:1.10.11]
	at com.netflix.discovery.DiscoveryClient.renew(DiscoveryClient.java:893) ~[eureka-client-1.10.11.jar:1.10.11]
	at com.netflix.discovery.DiscoveryClient$HeartbeatThread.run(DiscoveryClient.java:1457) ~[eureka-client-1.10.11.jar:1.10.11]
	at java.util.concurrent.Executors$RunnableAdapter.call(Executors.java:572) ~[?:?]
	at java.util.concurrent.FutureTask.run(FutureTask.java:317) ~[?:?]
	at java.util.concurrent.ThreadPoolExecutor.runWorker(ThreadPoolExecutor.java:1144) ~[?:?]
	at java.util.concurrent.ThreadPoolExecutor$Worker.run(ThreadPoolExecutor.java:642) ~[?:?]
	at java.lang.Thread.run(Thread.java:1583) [?:?]
2024-11-12 14:38:26,686 INFO o.s.b.a.SpringApplicationAdminMXBeanRegistrar$SpringApplicationAdmin [RMI TCP Connection(236)-127.0.0.1] Application shutdown requested.
2024-11-12 14:38:26,710 INFO o.s.c.n.e.s.EurekaServiceRegistry [RMI TCP Connection(236)-127.0.0.1] Unregistering application EMPLOYEE-SERVICE with eureka with status DOWN
2024-11-12 14:38:26,711 INFO c.n.d.DiscoveryClient$3 [RMI TCP Connection(236)-127.0.0.1] Saw local status change event StatusChangeEvent [timestamp=1731402506711, current=DOWN, previous=UP]
2024-11-12 14:38:26,714 INFO c.n.d.DiscoveryClient$3 [DiscoveryClient-InstanceInfoReplicator-0] Saw local status change event StatusChangeEvent [timestamp=1731402506713, current=UP, previous=DOWN]
2024-11-12 14:38:26,714 INFO c.n.d.DiscoveryClient [DiscoveryClient-InstanceInfoReplicator-0] DiscoveryClient_EMPLOYEE-SERVICE/IN-340D5S3:employee-service:8011: registering service...
2024-11-12 14:38:26,717 INFO c.n.d.s.t.d.RedirectingEurekaHttpClient [DiscoveryClient-InstanceInfoReplicator-0] Request execution error. endpoint=DefaultEndpoint{ serviceUrl='http://localhost:8761/eureka/}, exception=java.net.ConnectException: Connection refused: getsockopt stacktrace=com.sun.jersey.api.client.ClientHandlerException: java.net.ConnectException: Connection refused: getsockopt
	at com.sun.jersey.client.apache4.ApacheHttpClient4Handler.handle(ApacheHttpClient4Handler.java:187)
	at com.sun.jersey.api.client.filter.GZIPContentEncodingFilter.handle(GZIPContentEncodingFilter.java:123)
	at com.netflix.discovery.EurekaIdentityHeaderFilter.handle(EurekaIdentityHeaderFilter.java:27)
	at com.sun.jersey.api.client.Client.handle(Client.java:652)
	at com.sun.jersey.api.client.WebResource.handle(WebResource.java:682)
	at com.sun.jersey.api.client.WebResource.access$200(WebResource.java:74)
	at com.sun.jersey.api.client.WebResource$Builder.post(WebResource.java:570)
	at com.netflix.discovery.shared.transport.jersey.AbstractJerseyEurekaHttpClient.register(AbstractJerseyEurekaHttpClient.java:57)
	at com.netflix.discovery.shared.transport.decorator.EurekaHttpClientDecorator$1.execute(EurekaHttpClientDecorator.java:59)
	at com.netflix.discovery.shared.transport.decorator.MetricsCollectingEurekaHttpClient.execute(MetricsCollectingEurekaHttpClient.java:73)
	at com.netflix.discovery.shared.transport.decorator.EurekaHttpClientDecorator.register(EurekaHttpClientDecorator.java:56)
	at com.netflix.discovery.shared.transport.decorator.EurekaHttpClientDecorator$1.execute(EurekaHttpClientDecorator.java:59)
	at com.netflix.discovery.shared.transport.decorator.RedirectingEurekaHttpClient.executeOnNewServer(RedirectingEurekaHttpClient.java:121)
	at com.netflix.discovery.shared.transport.decorator.RedirectingEurekaHttpClient.execute(RedirectingEurekaHttpClient.java:80)
	at com.netflix.discovery.shared.transport.decorator.EurekaHttpClientDecorator.register(EurekaHttpClientDecorator.java:56)
	at com.netflix.discovery.shared.transport.decorator.EurekaHttpClientDecorator$1.execute(EurekaHttpClientDecorator.java:59)
	at com.netflix.discovery.shared.transport.decorator.RetryableEurekaHttpClient.execute(RetryableEurekaHttpClient.java:120)
	at com.netflix.discovery.shared.transport.decorator.EurekaHttpClientDecorator.register(EurekaHttpClientDecorator.java:56)
	at com.netflix.discovery.shared.transport.decorator.EurekaHttpClientDecorator$1.execute(EurekaHttpClientDecorator.java:59)
	at com.netflix.discovery.shared.transport.decorator.SessionedEurekaHttpClient.execute(SessionedEurekaHttpClient.java:77)
	at com.netflix.discovery.shared.transport.decorator.EurekaHttpClientDecorator.register(EurekaHttpClientDecorator.java:56)
	at com.netflix.discovery.DiscoveryClient.register(DiscoveryClient.java:876)
	at com.netflix.discovery.InstanceInfoReplicator.run(InstanceInfoReplicator.java:121)
	at com.netflix.discovery.InstanceInfoReplicator$1.run(InstanceInfoReplicator.java:101)
	at java.base/java.util.concurrent.Executors$RunnableAdapter.call(Executors.java:572)
	at java.base/java.util.concurrent.FutureTask.run(FutureTask.java:317)
	at java.base/java.util.concurrent.ScheduledThreadPoolExecutor$ScheduledFutureTask.run(ScheduledThreadPoolExecutor.java:304)
	at java.base/java.util.concurrent.ThreadPoolExecutor.runWorker(ThreadPoolExecutor.java:1144)
	at java.base/java.util.concurrent.ThreadPoolExecutor$Worker.run(ThreadPoolExecutor.java:642)
	at java.base/java.lang.Thread.run(Thread.java:1583)
Caused by: java.net.ConnectException: Connection refused: getsockopt
	at java.base/sun.nio.ch.Net.pollConnect(Native Method)
	at java.base/sun.nio.ch.Net.pollConnectNow(Net.java:682)
	at java.base/sun.nio.ch.NioSocketImpl.timedFinishConnect(NioSocketImpl.java:542)
	at java.base/sun.nio.ch.NioSocketImpl.connect(NioSocketImpl.java:592)
	at java.base/java.net.SocksSocketImpl.connect(SocksSocketImpl.java:327)
	at java.base/java.net.Socket.connect(Socket.java:751)
	at org.apache.http.conn.scheme.PlainSocketFactory.connectSocket(PlainSocketFactory.java:121)
	at org.apache.http.impl.conn.DefaultClientConnectionOperator.openConnection(DefaultClientConnectionOperator.java:180)
	at org.apache.http.impl.conn.AbstractPoolEntry.open(AbstractPoolEntry.java:144)
	at org.apache.http.impl.conn.AbstractPooledConnAdapter.open(AbstractPooledConnAdapter.java:134)
	at org.apache.http.impl.client.DefaultRequestDirector.tryConnect(DefaultRequestDirector.java:605)
	at org.apache.http.impl.client.DefaultRequestDirector.execute(DefaultRequestDirector.java:440)
	at org.apache.http.impl.client.AbstractHttpClient.doExecute(AbstractHttpClient.java:835)
	at org.apache.http.impl.client.CloseableHttpClient.execute(CloseableHttpClient.java:118)
	at org.apache.http.impl.client.CloseableHttpClient.execute(CloseableHttpClient.java:56)
	at com.sun.jersey.client.apache4.ApacheHttpClient4Handler.handle(ApacheHttpClient4Handler.java:173)
	... 29 more

2024-11-12 14:38:26,717 WARN c.n.d.s.t.d.RetryableEurekaHttpClient [DiscoveryClient-InstanceInfoReplicator-0] Request execution failed with message: java.net.ConnectException: Connection refused: getsockopt
2024-11-12 14:38:26,717 WARN c.n.d.DiscoveryClient [DiscoveryClient-InstanceInfoReplicator-0] DiscoveryClient_EMPLOYEE-SERVICE/IN-340D5S3:employee-service:8011 - registration failed Cannot execute request on any known server
com.netflix.discovery.shared.transport.TransportException: Cannot execute request on any known server
	at com.netflix.discovery.shared.transport.decorator.RetryableEurekaHttpClient.execute(RetryableEurekaHttpClient.java:112) ~[eureka-client-1.10.11.jar:1.10.11]
	at com.netflix.discovery.shared.transport.decorator.EurekaHttpClientDecorator.register(EurekaHttpClientDecorator.java:56) ~[eureka-client-1.10.11.jar:1.10.11]
	at com.netflix.discovery.shared.transport.decorator.EurekaHttpClientDecorator$1.execute(EurekaHttpClientDecorator.java:59) ~[eureka-client-1.10.11.jar:1.10.11]
	at com.netflix.discovery.shared.transport.decorator.SessionedEurekaHttpClient.execute(SessionedEurekaHttpClient.java:77) ~[eureka-client-1.10.11.jar:1.10.11]
	at com.netflix.discovery.shared.transport.decorator.EurekaHttpClientDecorator.register(EurekaHttpClientDecorator.java:56) ~[eureka-client-1.10.11.jar:1.10.11]
	at com.netflix.discovery.DiscoveryClient.register(DiscoveryClient.java:876) ~[eureka-client-1.10.11.jar:1.10.11]
	at com.netflix.discovery.InstanceInfoReplicator.run(InstanceInfoReplicator.java:121) ~[eureka-client-1.10.11.jar:1.10.11]
	at com.netflix.discovery.InstanceInfoReplicator$1.run(InstanceInfoReplicator.java:101) ~[eureka-client-1.10.11.jar:1.10.11]
	at java.util.concurrent.Executors$RunnableAdapter.call(Executors.java:572) ~[?:?]
	at java.util.concurrent.FutureTask.run(FutureTask.java:317) ~[?:?]
	at java.util.concurrent.ScheduledThreadPoolExecutor$ScheduledFutureTask.run(ScheduledThreadPoolExecutor.java:304) ~[?:?]
	at java.util.concurrent.ThreadPoolExecutor.runWorker(ThreadPoolExecutor.java:1144) ~[?:?]
	at java.util.concurrent.ThreadPoolExecutor$Worker.run(ThreadPoolExecutor.java:642) ~[?:?]
	at java.lang.Thread.run(Thread.java:1583) [?:?]
2024-11-12 14:38:26,719 WARN c.n.d.InstanceInfoReplicator [DiscoveryClient-InstanceInfoReplicator-0] There was a problem with the instance info replicator
com.netflix.discovery.shared.transport.TransportException: Cannot execute request on any known server
	at com.netflix.discovery.shared.transport.decorator.RetryableEurekaHttpClient.execute(RetryableEurekaHttpClient.java:112) ~[eureka-client-1.10.11.jar:1.10.11]
	at com.netflix.discovery.shared.transport.decorator.EurekaHttpClientDecorator.register(EurekaHttpClientDecorator.java:56) ~[eureka-client-1.10.11.jar:1.10.11]
	at com.netflix.discovery.shared.transport.decorator.EurekaHttpClientDecorator$1.execute(EurekaHttpClientDecorator.java:59) ~[eureka-client-1.10.11.jar:1.10.11]
	at com.netflix.discovery.shared.transport.decorator.SessionedEurekaHttpClient.execute(SessionedEurekaHttpClient.java:77) ~[eureka-client-1.10.11.jar:1.10.11]
	at com.netflix.discovery.shared.transport.decorator.EurekaHttpClientDecorator.register(EurekaHttpClientDecorator.java:56) ~[eureka-client-1.10.11.jar:1.10.11]
	at com.netflix.discovery.DiscoveryClient.register(DiscoveryClient.java:876) ~[eureka-client-1.10.11.jar:1.10.11]
	at com.netflix.discovery.InstanceInfoReplicator.run(InstanceInfoReplicator.java:121) ~[eureka-client-1.10.11.jar:1.10.11]
	at com.netflix.discovery.InstanceInfoReplicator$1.run(InstanceInfoReplicator.java:101) ~[eureka-client-1.10.11.jar:1.10.11]
	at java.util.concurrent.Executors$RunnableAdapter.call(Executors.java:572) ~[?:?]
	at java.util.concurrent.FutureTask.run(FutureTask.java:317) ~[?:?]
	at java.util.concurrent.ScheduledThreadPoolExecutor$ScheduledFutureTask.run(ScheduledThreadPoolExecutor.java:304) ~[?:?]
	at java.util.concurrent.ThreadPoolExecutor.runWorker(ThreadPoolExecutor.java:1144) ~[?:?]
	at java.util.concurrent.ThreadPoolExecutor$Worker.run(ThreadPoolExecutor.java:642) ~[?:?]
	at java.lang.Thread.run(Thread.java:1583) [?:?]
2024-11-12 14:38:26,722 INFO c.n.d.DiscoveryClient [DiscoveryClient-InstanceInfoReplicator-0] DiscoveryClient_EMPLOYEE-SERVICE/IN-340D5S3:employee-service:8011: registering service...
2024-11-12 14:38:26,725 INFO c.n.d.s.t.d.RedirectingEurekaHttpClient [DiscoveryClient-InstanceInfoReplicator-0] Request execution error. endpoint=DefaultEndpoint{ serviceUrl='http://localhost:8761/eureka/}, exception=java.net.ConnectException: Connection refused: getsockopt stacktrace=com.sun.jersey.api.client.ClientHandlerException: java.net.ConnectException: Connection refused: getsockopt
	at com.sun.jersey.client.apache4.ApacheHttpClient4Handler.handle(ApacheHttpClient4Handler.java:187)
	at com.sun.jersey.api.client.filter.GZIPContentEncodingFilter.handle(GZIPContentEncodingFilter.java:123)
	at com.netflix.discovery.EurekaIdentityHeaderFilter.handle(EurekaIdentityHeaderFilter.java:27)
	at com.sun.jersey.api.client.Client.handle(Client.java:652)
	at com.sun.jersey.api.client.WebResource.handle(WebResource.java:682)
	at com.sun.jersey.api.client.WebResource.access$200(WebResource.java:74)
	at com.sun.jersey.api.client.WebResource$Builder.post(WebResource.java:570)
	at com.netflix.discovery.shared.transport.jersey.AbstractJerseyEurekaHttpClient.register(AbstractJerseyEurekaHttpClient.java:57)
	at com.netflix.discovery.shared.transport.decorator.EurekaHttpClientDecorator$1.execute(EurekaHttpClientDecorator.java:59)
	at com.netflix.discovery.shared.transport.decorator.MetricsCollectingEurekaHttpClient.execute(MetricsCollectingEurekaHttpClient.java:73)
	at com.netflix.discovery.shared.transport.decorator.EurekaHttpClientDecorator.register(EurekaHttpClientDecorator.java:56)
	at com.netflix.discovery.shared.transport.decorator.EurekaHttpClientDecorator$1.execute(EurekaHttpClientDecorator.java:59)
	at com.netflix.discovery.shared.transport.decorator.RedirectingEurekaHttpClient.executeOnNewServer(RedirectingEurekaHttpClient.java:121)
	at com.netflix.discovery.shared.transport.decorator.RedirectingEurekaHttpClient.execute(RedirectingEurekaHttpClient.java:80)
	at com.netflix.discovery.shared.transport.decorator.EurekaHttpClientDecorator.register(EurekaHttpClientDecorator.java:56)
	at com.netflix.discovery.shared.transport.decorator.EurekaHttpClientDecorator$1.execute(EurekaHttpClientDecorator.java:59)
	at com.netflix.discovery.shared.transport.decorator.RetryableEurekaHttpClient.execute(RetryableEurekaHttpClient.java:120)
	at com.netflix.discovery.shared.transport.decorator.EurekaHttpClientDecorator.register(EurekaHttpClientDecorator.java:56)
	at com.netflix.discovery.shared.transport.decorator.EurekaHttpClientDecorator$1.execute(EurekaHttpClientDecorator.java:59)
	at com.netflix.discovery.shared.transport.decorator.SessionedEurekaHttpClient.execute(SessionedEurekaHttpClient.java:77)
	at com.netflix.discovery.shared.transport.decorator.EurekaHttpClientDecorator.register(EurekaHttpClientDecorator.java:56)
	at com.netflix.discovery.DiscoveryClient.register(DiscoveryClient.java:876)
	at com.netflix.discovery.InstanceInfoReplicator.run(InstanceInfoReplicator.java:121)
	at com.netflix.discovery.InstanceInfoReplicator$1.run(InstanceInfoReplicator.java:101)
	at java.base/java.util.concurrent.Executors$RunnableAdapter.call(Executors.java:572)
	at java.base/java.util.concurrent.FutureTask.run(FutureTask.java:317)
	at java.base/java.util.concurrent.ScheduledThreadPoolExecutor$ScheduledFutureTask.run(ScheduledThreadPoolExecutor.java:304)
	at java.base/java.util.concurrent.ThreadPoolExecutor.runWorker(ThreadPoolExecutor.java:1144)
	at java.base/java.util.concurrent.ThreadPoolExecutor$Worker.run(ThreadPoolExecutor.java:642)
	at java.base/java.lang.Thread.run(Thread.java:1583)
Caused by: java.net.ConnectException: Connection refused: getsockopt
	at java.base/sun.nio.ch.Net.pollConnect(Native Method)
	at java.base/sun.nio.ch.Net.pollConnectNow(Net.java:682)
	at java.base/sun.nio.ch.NioSocketImpl.timedFinishConnect(NioSocketImpl.java:542)
	at java.base/sun.nio.ch.NioSocketImpl.connect(NioSocketImpl.java:592)
	at java.base/java.net.SocksSocketImpl.connect(SocksSocketImpl.java:327)
	at java.base/java.net.Socket.connect(Socket.java:751)
	at org.apache.http.conn.scheme.PlainSocketFactory.connectSocket(PlainSocketFactory.java:121)
	at org.apache.http.impl.conn.DefaultClientConnectionOperator.openConnection(DefaultClientConnectionOperator.java:180)
	at org.apache.http.impl.conn.AbstractPoolEntry.open(AbstractPoolEntry.java:144)
	at org.apache.http.impl.conn.AbstractPooledConnAdapter.open(AbstractPooledConnAdapter.java:134)
	at org.apache.http.impl.client.DefaultRequestDirector.tryConnect(DefaultRequestDirector.java:605)
	at org.apache.http.impl.client.DefaultRequestDirector.execute(DefaultRequestDirector.java:440)
	at org.apache.http.impl.client.AbstractHttpClient.doExecute(AbstractHttpClient.java:835)
	at org.apache.http.impl.client.CloseableHttpClient.execute(CloseableHttpClient.java:118)
	at org.apache.http.impl.client.CloseableHttpClient.execute(CloseableHttpClient.java:56)
	at com.sun.jersey.client.apache4.ApacheHttpClient4Handler.handle(ApacheHttpClient4Handler.java:173)
	... 29 more

2024-11-12 14:38:26,726 WARN c.n.d.s.t.d.RetryableEurekaHttpClient [DiscoveryClient-InstanceInfoReplicator-0] Request execution failed with message: java.net.ConnectException: Connection refused: getsockopt
2024-11-12 14:38:26,726 WARN c.n.d.DiscoveryClient [DiscoveryClient-InstanceInfoReplicator-0] DiscoveryClient_EMPLOYEE-SERVICE/IN-340D5S3:employee-service:8011 - registration failed Cannot execute request on any known server
com.netflix.discovery.shared.transport.TransportException: Cannot execute request on any known server
	at com.netflix.discovery.shared.transport.decorator.RetryableEurekaHttpClient.execute(RetryableEurekaHttpClient.java:112) ~[eureka-client-1.10.11.jar:1.10.11]
	at com.netflix.discovery.shared.transport.decorator.EurekaHttpClientDecorator.register(EurekaHttpClientDecorator.java:56) ~[eureka-client-1.10.11.jar:1.10.11]
	at com.netflix.discovery.shared.transport.decorator.EurekaHttpClientDecorator$1.execute(EurekaHttpClientDecorator.java:59) ~[eureka-client-1.10.11.jar:1.10.11]
	at com.netflix.discovery.shared.transport.decorator.SessionedEurekaHttpClient.execute(SessionedEurekaHttpClient.java:77) ~[eureka-client-1.10.11.jar:1.10.11]
	at com.netflix.discovery.shared.transport.decorator.EurekaHttpClientDecorator.register(EurekaHttpClientDecorator.java:56) ~[eureka-client-1.10.11.jar:1.10.11]
	at com.netflix.discovery.DiscoveryClient.register(DiscoveryClient.java:876) ~[eureka-client-1.10.11.jar:1.10.11]
	at com.netflix.discovery.InstanceInfoReplicator.run(InstanceInfoReplicator.java:121) ~[eureka-client-1.10.11.jar:1.10.11]
	at com.netflix.discovery.InstanceInfoReplicator$1.run(InstanceInfoReplicator.java:101) ~[eureka-client-1.10.11.jar:1.10.11]
	at java.util.concurrent.Executors$RunnableAdapter.call(Executors.java:572) ~[?:?]
	at java.util.concurrent.FutureTask.run(FutureTask.java:317) ~[?:?]
	at java.util.concurrent.ScheduledThreadPoolExecutor$ScheduledFutureTask.run(ScheduledThreadPoolExecutor.java:304) ~[?:?]
	at java.util.concurrent.ThreadPoolExecutor.runWorker(ThreadPoolExecutor.java:1144) ~[?:?]
	at java.util.concurrent.ThreadPoolExecutor$Worker.run(ThreadPoolExecutor.java:642) ~[?:?]
	at java.lang.Thread.run(Thread.java:1583) [?:?]
2024-11-12 14:38:26,726 WARN c.n.d.InstanceInfoReplicator [DiscoveryClient-InstanceInfoReplicator-0] There was a problem with the instance info replicator
com.netflix.discovery.shared.transport.TransportException: Cannot execute request on any known server
	at com.netflix.discovery.shared.transport.decorator.RetryableEurekaHttpClient.execute(RetryableEurekaHttpClient.java:112) ~[eureka-client-1.10.11.jar:1.10.11]
	at com.netflix.discovery.shared.transport.decorator.EurekaHttpClientDecorator.register(EurekaHttpClientDecorator.java:56) ~[eureka-client-1.10.11.jar:1.10.11]
	at com.netflix.discovery.shared.transport.decorator.EurekaHttpClientDecorator$1.execute(EurekaHttpClientDecorator.java:59) ~[eureka-client-1.10.11.jar:1.10.11]
	at com.netflix.discovery.shared.transport.decorator.SessionedEurekaHttpClient.execute(SessionedEurekaHttpClient.java:77) ~[eureka-client-1.10.11.jar:1.10.11]
	at com.netflix.discovery.shared.transport.decorator.EurekaHttpClientDecorator.register(EurekaHttpClientDecorator.java:56) ~[eureka-client-1.10.11.jar:1.10.11]
	at com.netflix.discovery.DiscoveryClient.register(DiscoveryClient.java:876) ~[eureka-client-1.10.11.jar:1.10.11]
	at com.netflix.discovery.InstanceInfoReplicator.run(InstanceInfoReplicator.java:121) ~[eureka-client-1.10.11.jar:1.10.11]
	at com.netflix.discovery.InstanceInfoReplicator$1.run(InstanceInfoReplicator.java:101) ~[eureka-client-1.10.11.jar:1.10.11]
	at java.util.concurrent.Executors$RunnableAdapter.call(Executors.java:572) ~[?:?]
	at java.util.concurrent.FutureTask.run(FutureTask.java:317) ~[?:?]
	at java.util.concurrent.ScheduledThreadPoolExecutor$ScheduledFutureTask.run(ScheduledThreadPoolExecutor.java:304) ~[?:?]
	at java.util.concurrent.ThreadPoolExecutor.runWorker(ThreadPoolExecutor.java:1144) ~[?:?]
	at java.util.concurrent.ThreadPoolExecutor$Worker.run(ThreadPoolExecutor.java:642) ~[?:?]
	at java.lang.Thread.run(Thread.java:1583) [?:?]
2024-11-12 14:38:26,764 INFO o.a.j.l.DirectJDKLog [RMI TCP Connection(236)-127.0.0.1] Pausing ProtocolHandler ["http-nio-8011"]
2024-11-12 14:38:26,764 INFO o.a.j.l.DirectJDKLog [RMI TCP Connection(236)-127.0.0.1] Stopping service [Tomcat]
2024-11-12 14:38:26,774 INFO o.a.j.l.DirectJDKLog [RMI TCP Connection(236)-127.0.0.1] Destroying Spring FrameworkServlet 'dispatcherServlet'
2024-11-12 14:38:26,800 INFO o.a.j.l.DirectJDKLog [RMI TCP Connection(236)-127.0.0.1] Stopping ProtocolHandler ["http-nio-8011"]
2024-11-12 14:38:26,806 INFO o.a.j.l.DirectJDKLog [RMI TCP Connection(236)-127.0.0.1] Destroying ProtocolHandler ["http-nio-8011"]
2024-11-12 14:38:26,817 INFO o.s.s.c.ExecutorConfigurationSupport [RMI TCP Connection(236)-127.0.0.1] Shutting down ExecutorService 'applicationTaskExecutor'
2024-11-12 14:38:26,838 INFO c.n.d.DiscoveryClient [RMI TCP Connection(236)-127.0.0.1] Shutting down DiscoveryClient ...
